2020-01-17 03:14:04:588 [Appium] Welcome to Appium v1.16.0
2020-01-17 03:14:04:593 [Appium] Non-default server args:
2020-01-17 03:14:04:593 [Appium]   port: 4701
2020-01-17 03:14:04:594 [Appium]   bootstrapPort: 4900
2020-01-17 03:14:04:594 [Appium]   sessionOverride: true
2020-01-17 03:14:04:595 [Appium]   logFile: appium.log
2020-01-17 03:14:04:596 [Appium]   udid: GDBNW19927003994
2020-01-17 03:14:04:596 [Appium]   noReset: true
2020-01-17 03:14:04:597 [Appium] Deprecated server args:
2020-01-17 03:14:04:601 [Appium]   -U,--udid => --default-capabilities '{"udid":"GDBNW19927003994"}'
2020-01-17 03:14:04:602 [Appium]   --no-reset => --default-capabilities '{"noReset":true}'
2020-01-17 03:14:04:603 [Appium] Default capabilities, which will be added to each request unless overridden by desired capabilities:
2020-01-17 03:14:04:603 [Appium]   udid: GDBNW19927003994
2020-01-17 03:14:04:603 [Appium]   noReset: true
2020-01-17 03:14:04:685 [Appium] Appium REST http interface listener started on 0.0.0.0:4701
2020-01-17 03:14:06:596 [HTTP] --> POST /wd/hub/session
2020-01-17 03:14:06:597 [HTTP] {"capabilities":{"firstMatch":[{"platformName":"Android","appium:app":"/Users/qing.li/Downloads/MJWeatherBox-prod-release.apk","appium:noReset":true,"appium:deviceName":"GDBNW19927003994","appium:appActivity":"com.moji.mjweather.MainActivity","appium:resetKeyboard":true}]},"desiredCapabilities":{"platformName":"Android","app":"/Users/qing.li/Downloads/MJWeatherBox-prod-release.apk","noReset":true,"deviceName":"GDBNW19927003994","appActivity":"com.moji.mjweather.MainActivity","resetKeyboard":true}}
2020-01-17 03:14:06:601 [W3C] Calling AppiumDriver.createSession() with args: [{"platformName":"Android","app":"/Users/qing.li/Downloads/MJWeatherBox-prod-release.apk","noReset":true,"deviceName":"GDBNW19927003994","appActivity":"com.moji.mjweather.MainActivity","resetKeyboard":true},null,{"firstMatch":[{"platformName":"Android","appium:app":"/Users/qing.li/Downloads/MJWeatherBox-prod-release.apk","appium:noReset":true,"appium:deviceName":"GDBNW19927003994","appium:appActivity":"com.moji.mjweather.MainActivity","appium:resetKeyboard":true}]}]
2020-01-17 03:14:06:603 [BaseDriver] Event 'newSessionRequested' logged at 1579230846603 (11:14:06 GMT+0800 (GMT+08:00))
2020-01-17 03:14:06:608 [BaseDriver] The capabilities ["udid"] are not standard capabilities and should have an extension prefix
2020-01-17 03:14:06:616 [Appium] 
2020-01-17 03:14:06:616 [Appium] ======================================================================
2020-01-17 03:14:06:620 [Appium]   DEPRECATION WARNING:
2020-01-17 03:14:06:621 [Appium] 
2020-01-17 03:14:06:622 [Appium]   The 'automationName' capability was not provided in the desired 
2020-01-17 03:14:06:622 [Appium]   capabilities for this Android session
2020-01-17 03:14:06:622 [Appium] 
2020-01-17 03:14:06:622 [Appium]   Setting 'automationName=UiAutomator2' by default and using the 
2020-01-17 03:14:06:623 [Appium]   UiAutomator2 Driver
2020-01-17 03:14:06:623 [Appium] 
2020-01-17 03:14:06:624 [Appium]   The next major version of Appium (2.x) will **require** the 
2020-01-17 03:14:06:624 [Appium]   'automationName' capability to be set for all sessions on all 
2020-01-17 03:14:06:624 [Appium]   platforms
2020-01-17 03:14:06:625 [Appium] 
2020-01-17 03:14:06:626 [Appium]   In previous versions (Appium <= 1.13.x), the default was 
2020-01-17 03:14:06:626 [Appium]   'automationName=UiAutomator1'
2020-01-17 03:14:06:627 [Appium] 
2020-01-17 03:14:06:627 [Appium]   If you wish to use that automation instead of UiAutomator2, please 
2020-01-17 03:14:06:627 [Appium]   add 'automationName=UiAutomator1' to your desired capabilities
2020-01-17 03:14:06:627 [Appium] 
2020-01-17 03:14:06:628 [Appium]   For more information about drivers, please visit 
2020-01-17 03:14:06:628 [Appium]   http://appium.io/docs/en/about-appium/intro/ and explore the 
2020-01-17 03:14:06:629 [Appium]   'Drivers' menu
2020-01-17 03:14:06:629 [Appium] 
2020-01-17 03:14:06:629 [Appium] ======================================================================
2020-01-17 03:14:06:630 [Appium] 
2020-01-17 03:14:07:206 [Appium] Appium v1.16.0 creating new AndroidUiautomator2Driver (v1.40.0) session
2020-01-17 03:14:07:210 [BaseDriver] W3C capabilities and MJSONWP desired capabilities were provided
2020-01-17 03:14:07:211 [BaseDriver] Creating session with W3C capabilities: {
2020-01-17 03:14:07:211 [BaseDriver]   "alwaysMatch": {
2020-01-17 03:14:07:211 [BaseDriver]     "platformName": "Android",
2020-01-17 03:14:07:212 [BaseDriver]     "appium:udid": "GDBNW19927003994",
2020-01-17 03:14:07:212 [BaseDriver]     "appium:app": "/Users/qing.li/Downloads/MJWeatherBox-prod-release.apk",
2020-01-17 03:14:07:212 [BaseDriver]     "appium:noReset": true,
2020-01-17 03:14:07:212 [BaseDriver]     "appium:deviceName": "GDBNW19927003994",
2020-01-17 03:14:07:213 [BaseDriver]     "appium:appActivity": "com.moji.mjweather.MainActivity",
2020-01-17 03:14:07:213 [BaseDriver]     "appium:resetKeyboard": true
2020-01-17 03:14:07:213 [BaseDriver]   },
2020-01-17 03:14:07:213 [BaseDriver]   "firstMatch": [
2020-01-17 03:14:07:213 [BaseDriver]     {}
2020-01-17 03:14:07:214 [BaseDriver]   ]
2020-01-17 03:14:07:214 [BaseDriver] }
2020-01-17 03:14:07:223 [BaseDriver] Session created with session id: fae3ca04-91dd-444a-8856-7ad04018dcba
2020-01-17 03:14:07:227 [BaseDriver] Using local app '/Users/qing.li/Downloads/MJWeatherBox-prod-release.apk'
2020-01-17 03:14:07:228 [UiAutomator2] Checking whether app is actually present
2020-01-17 03:14:07:230 [ADB] The ANDROID_HOME environment variable is not set to the Android SDK root directory path. ANDROID_HOME is required for compatibility with SDK 23+. Checking along PATH for adb.
2020-01-17 03:14:07:233 [ADB] Using 'adb' from '/Users/qing.li/Library/Android/sdk/platform-tools/adb'
2020-01-17 03:14:07:234 [AndroidDriver] Retrieving device list
2020-01-17 03:14:07:234 [ADB] Trying to find a connected android device
2020-01-17 03:14:07:235 [ADB] Getting connected devices...
2020-01-17 03:14:07:251 [ADB] Connected devices: [{"udid":"GDBNW19927003994","state":"device"},{"udid":"W4X6R19B23008551","state":"device"}]
2020-01-17 03:14:07:252 [AndroidDriver] Using device: GDBNW19927003994
2020-01-17 03:14:07:252 [ADB] The ANDROID_HOME environment variable is not set to the Android SDK root directory path. ANDROID_HOME is required for compatibility with SDK 23+. Checking along PATH for adb.
2020-01-17 03:14:07:254 [ADB] Using 'adb' from '/Users/qing.li/Library/Android/sdk/platform-tools/adb'
2020-01-17 03:14:07:255 [ADB] Setting device id to GDBNW19927003994
2020-01-17 03:14:07:256 [ADB] Running '/Users/qing.li/Library/Android/sdk/platform-tools/adb -P 5037 -s GDBNW19927003994 shell getprop ro.build.version.sdk'
2020-01-17 03:14:07:293 [ADB] Current device property 'ro.build.version.sdk': 28
2020-01-17 03:14:07:294 [ADB] Running '/Users/qing.li/Library/Android/sdk/platform-tools/adb -P 5037 -s GDBNW19927003994 shell getprop ro.build.version.release'
2020-01-17 03:14:07:330 [ADB] Current device property 'ro.build.version.release': 9
2020-01-17 03:14:07:330 [ADB] Device API level: 28
2020-01-17 03:14:07:330 [UiAutomator2] Relaxing hidden api policy
2020-01-17 03:14:07:331 [ADB] Running '/Users/qing.li/Library/Android/sdk/platform-tools/adb -P 5037 -s GDBNW19927003994 shell settings put global hidden_api_policy_pre_p_apps 1'
2020-01-17 03:14:07:403 [ADB] Running '/Users/qing.li/Library/Android/sdk/platform-tools/adb -P 5037 -s GDBNW19927003994 shell settings put global hidden_api_policy_p_apps 1'
2020-01-17 03:14:07:464 [ADB] Running '/Users/qing.li/Library/Android/sdk/platform-tools/adb -P 5037 -s GDBNW19927003994 shell settings put global hidden_api_policy 1'
2020-01-17 03:14:07:526 [AndroidDriver] Parsing package and activity from app manifest
2020-01-17 03:14:07:575 [ADB] Package name: 'com.moji.mjweather'
2020-01-17 03:14:07:576 [ADB] Main activity name: 'com.moji.mjweather.LauncherActivity'
2020-01-17 03:14:07:576 [AndroidDriver] Parsed package and activity are: com.moji.mjweather/com.moji.mjweather.LauncherActivity
2020-01-17 03:14:07:577 [ADB] Running '/Users/qing.li/Library/Android/sdk/platform-tools/adb -P 5037 -s GDBNW19927003994 wait-for-device'
2020-01-17 03:14:07:587 [ADB] Running '/Users/qing.li/Library/Android/sdk/platform-tools/adb -P 5037 -s GDBNW19927003994 shell echo ping'
2020-01-17 03:14:07:614 [AndroidDriver] Pushing settings apk to device...
2020-01-17 03:14:07:615 [ADB] Getting install status for io.appium.settings
2020-01-17 03:14:07:616 [ADB] Running '/Users/qing.li/Library/Android/sdk/platform-tools/adb -P 5037 -s GDBNW19927003994 shell dumpsys package io.appium.settings'
2020-01-17 03:14:07:760 [ADB] 'io.appium.settings' is installed
2020-01-17 03:14:07:760 [ADB] Getting package info for 'io.appium.settings'
2020-01-17 03:14:07:761 [ADB] Running '/Users/qing.li/Library/Android/sdk/platform-tools/adb -P 5037 -s GDBNW19927003994 shell dumpsys package io.appium.settings'
2020-01-17 03:14:07:911 [ADB] The version name of the installed 'io.appium.settings' is greater or equal to the application version name ('2.15.0' >= '2.15.0')
2020-01-17 03:14:07:913 [ADB] There is no need to install/upgrade '/usr/local/lib/node_modules/appium/node_modules/io.appium.settings/apks/settings_apk-debug.apk'
2020-01-17 03:14:07:914 [ADB] Getting IDs of all 'io.appium.settings' processes
2020-01-17 03:14:07:915 [ADB] Running '/Users/qing.li/Library/Android/sdk/platform-tools/adb -P 5037 -s GDBNW19927003994 shell 'pgrep --help; echo $?''
2020-01-17 03:14:07:963 [ADB] Running '/Users/qing.li/Library/Android/sdk/platform-tools/adb -P 5037 -s GDBNW19927003994 shell pgrep -f io\\.appium\\.settings'
2020-01-17 03:14:08:065 [AndroidDriver] io.appium.settings is already running. There is no need to reset its permissions.
2020-01-17 03:14:08:066 [ADB] Running '/Users/qing.li/Library/Android/sdk/platform-tools/adb -P 5037 -s GDBNW19927003994 shell appops set io.appium.settings android\:mock_location allow'
2020-01-17 03:14:08:129 [Logcat] Starting logcat capture
2020-01-17 03:14:08:173 [UiAutomator2] Forwarding UiAutomator2 Server port 6790 to 8202
2020-01-17 03:14:08:174 [ADB] Forwarding system: 8202 to device: 6790
2020-01-17 03:14:08:174 [ADB] Running '/Users/qing.li/Library/Android/sdk/platform-tools/adb -P 5037 -s GDBNW19927003994 forward tcp\:8202 tcp\:6790'
2020-01-17 03:14:08:205 [ADB] Getting install status for io.appium.uiautomator2.server
2020-01-17 03:14:08:206 [ADB] Running '/Users/qing.li/Library/Android/sdk/platform-tools/adb -P 5037 -s GDBNW19927003994 shell dumpsys package io.appium.uiautomator2.server'
2020-01-17 03:14:08:313 [ADB] 'io.appium.uiautomator2.server' is installed
2020-01-17 03:14:08:314 [ADB] Getting package info for 'io.appium.uiautomator2.server'
2020-01-17 03:14:08:315 [ADB] Running '/Users/qing.li/Library/Android/sdk/platform-tools/adb -P 5037 -s GDBNW19927003994 shell dumpsys package io.appium.uiautomator2.server'
2020-01-17 03:14:08:493 [ADB] The version name of the installed 'io.appium.uiautomator2.server' is greater or equal to the application version name ('4.5.2' >= '4.5.2')
2020-01-17 03:14:08:494 [UiAutomator2] io.appium.uiautomator2.server installation state: sameVersionInstalled
2020-01-17 03:14:08:494 [ADB] Checking app cert for /usr/local/lib/node_modules/appium/node_modules/appium-uiautomator2-server/apks/appium-uiautomator2-server-v4.5.2.apk
2020-01-17 03:14:08:500 [ADB] Found 0 'build-tools' folders under '' (newest first):
2020-01-17 03:14:08:501 [ADB] Cannot use apksigner tool for signature verification. Original error: Could not find 'apksigner' in ["/Users/qing.li/PycharmProjects/AppiumPython/case/platform-tools/apksigner","/Users/qing.li/PycharmProjects/AppiumPython/case/emulator/apksigner","/Users/qing.li/PycharmProjects/AppiumPython/case/tools/apksigner","/Users/qing.li/PycharmProjects/AppiumPython/case/tools/bin/apksigner"]. Do you have Android Build Tools installed at ''?
2020-01-17 03:14:08:501 [ADB] Defaulting to verify.jar
2020-01-17 03:14:08:984 [ADB] '/usr/local/lib/node_modules/appium/node_modules/appium-uiautomator2-server/apks/appium-uiautomator2-server-v4.5.2.apk' is already signed.
2020-01-17 03:14:08:984 [ADB] Getting install status for io.appium.uiautomator2.server.test
2020-01-17 03:14:08:986 [ADB] Running '/Users/qing.li/Library/Android/sdk/platform-tools/adb -P 5037 -s GDBNW19927003994 shell dumpsys package io.appium.uiautomator2.server.test'
2020-01-17 03:14:09:172 [ADB] 'io.appium.uiautomator2.server.test' is installed
2020-01-17 03:14:09:172 [ADB] Checking app cert for /usr/local/lib/node_modules/appium/node_modules/appium-uiautomator2-server/apks/appium-uiautomator2-server-debug-androidTest.apk
2020-01-17 03:14:09:174 [ADB] Cannot use apksigner tool for signature verification. Original error: Could not find 'apksigner' in ["/Users/qing.li/PycharmProjects/AppiumPython/case/platform-tools/apksigner","/Users/qing.li/PycharmProjects/AppiumPython/case/emulator/apksigner","/Users/qing.li/PycharmProjects/AppiumPython/case/tools/apksigner","/Users/qing.li/PycharmProjects/AppiumPython/case/tools/bin/apksigner"]. Do you have Android Build Tools installed at ''?
2020-01-17 03:14:09:174 [ADB] Defaulting to verify.jar
2020-01-17 03:14:09:510 [ADB] '/usr/local/lib/node_modules/appium/node_modules/appium-uiautomator2-server/apks/appium-uiautomator2-server-debug-androidTest.apk' is already signed.
2020-01-17 03:14:09:510 [UiAutomator2] Server packages are not going to be (re)installed
2020-01-17 03:14:09:514 [UiAutomator2] Waiting up to 30000ms for services to be available
2020-01-17 03:14:09:515 [ADB] Running '/Users/qing.li/Library/Android/sdk/platform-tools/adb -P 5037 -s GDBNW19927003994 shell pm list instrumentation'
2020-01-17 03:14:09:600 [UiAutomator2] Instrumentation target 'io.appium.uiautomator2.server.test/androidx.test.runner.AndroidJUnitRunner' is available
2020-01-17 03:14:09:601 [ADB] Checking app cert for /Users/qing.li/Downloads/MJWeatherBox-prod-release.apk
2020-01-17 03:14:09:602 [ADB] Cannot use apksigner tool for signature verification. Original error: Could not find 'apksigner' in ["/Users/qing.li/PycharmProjects/AppiumPython/case/platform-tools/apksigner","/Users/qing.li/PycharmProjects/AppiumPython/case/emulator/apksigner","/Users/qing.li/PycharmProjects/AppiumPython/case/tools/apksigner","/Users/qing.li/PycharmProjects/AppiumPython/case/tools/bin/apksigner"]. Do you have Android Build Tools installed at ''?
2020-01-17 03:14:09:602 [ADB] Defaulting to verify.jar
2020-01-17 03:14:12:945 [ADB] '/Users/qing.li/Downloads/MJWeatherBox-prod-release.apk' is already signed.
2020-01-17 03:14:12:946 [ADB] Getting install status for com.moji.mjweather
2020-01-17 03:14:12:947 [ADB] Running '/Users/qing.li/Library/Android/sdk/platform-tools/adb -P 5037 -s GDBNW19927003994 shell dumpsys package com.moji.mjweather'
2020-01-17 03:14:13:155 [ADB] 'com.moji.mjweather' is installed
2020-01-17 03:14:13:155 [ADB] Getting package info for 'com.moji.mjweather'
2020-01-17 03:14:13:156 [ADB] Running '/Users/qing.li/Library/Android/sdk/platform-tools/adb -P 5037 -s GDBNW19927003994 shell dumpsys package com.moji.mjweather'
2020-01-17 03:14:13:312 [ADB] The version code of the installed 'com.moji.mjweather' is greater than the application version code (8010202 > 8000802)
2020-01-17 03:14:13:312 [ADB] There is no need to downgrade 'com.moji.mjweather'
2020-01-17 03:14:13:316 [UiAutomator2] Performing shallow cleanup of automation leftovers
2020-01-17 03:14:13:349 [UiAutomator2] No obsolete sessions have been detected (Error: read ECONNRESET)
2020-01-17 03:14:13:349 [ADB] Running '/Users/qing.li/Library/Android/sdk/platform-tools/adb -P 5037 -s GDBNW19927003994 shell am force-stop io.appium.uiautomator2.server.test'
2020-01-17 03:14:13:475 [UiAutomator2] Starting UIAutomator2 server 4.5.2
2020-01-17 03:14:13:476 [UiAutomator2] Using UIAutomator2 server from '/usr/local/lib/node_modules/appium/node_modules/appium-uiautomator2-server/apks/appium-uiautomator2-server-v4.5.2.apk' and test from '/usr/local/lib/node_modules/appium/node_modules/appium-uiautomator2-server/apks/appium-uiautomator2-server-debug-androidTest.apk'
2020-01-17 03:14:13:477 [UiAutomator2] Waiting up to 30000ms for UiAutomator2 to be online...
2020-01-17 03:14:13:478 [ADB] Creating ADB subprocess with args: ["-P",5037,"-s","GDBNW19927003994","shell","am","instrument","-w","io.appium.uiautomator2.server.test/androidx.test.runner.AndroidJUnitRunner"]
2020-01-17 03:14:14:286 [Instrumentation] io.appium.uiautomator2.server.test.AppiumUiAutomator2Server:
2020-01-17 03:14:14:488 [WD Proxy] Matched '/status' to command name 'getStatus'
2020-01-17 03:14:14:491 [WD Proxy] Proxying [GET /status] to [GET http://127.0.0.1:8202/wd/hub/status] with no body
2020-01-17 03:14:14:499 [WD Proxy] Got an unexpected response with status undefined: {"errno":"ECONNRESET","code":"ECONNRESET","syscall":"read"}
2020-01-17 03:14:15:505 [WD Proxy] Matched '/status' to command name 'getStatus'
2020-01-17 03:14:15:505 [WD Proxy] Proxying [GET /status] to [GET http://127.0.0.1:8202/wd/hub/status] with no body
2020-01-17 03:14:15:569 [WD Proxy] Got response with status 200: {"sessionId":"None","value":{"ready":true,"message":"UiAutomator2 Server is ready to accept commands"}}
2020-01-17 03:14:15:570 [UiAutomator2] The initialization of the instrumentation process took 2093ms
2020-01-17 03:14:15:570 [WD Proxy] Matched '/session' to command name 'createSession'
2020-01-17 03:14:15:570 [WD Proxy] Proxying [POST /session] to [POST http://127.0.0.1:8202/wd/hub/session] with body: {"capabilities":{"firstMatch":[{"platform":"LINUX","webStorageEnabled":false,"takesScreenshot":true,"javascriptEnabled":true,"databaseEnabled":false,"networkConnectionEnabled":true,"locationContextEnabled":false,"warnings":{},"desired":{"platformName":"Android","udid":"GDBNW19927003994","app":"/Users/qing.li/Downloads/MJWeatherBox-prod-release.apk","noReset":true,"deviceName":"GDBNW19927003994","appActivity":"com.moji.mjweather.MainActivity","resetKeyboard":true},"platformName":"Android","udid":"GDBNW19927003994","app":"/Users/qing.li/Downloads/MJWeatherBox-prod-release.apk","noReset":true,"deviceName":"GDBNW19927003994","appActivity":"com.moji.mjweather.MainActivity","resetKeyboard":true,"deviceUDID":"GDBNW19927003994","appPackage":"com.moji.mjweather"}],"alwaysMatch":{}}}
2020-01-17 03:14:15:593 [WD Proxy] Got response with status 200: {"sessionId":"0bd1883d-e600-47b7-b9ed-2f09d3343e07","value":{"sessionId":"0bd1883d-e600-47b7-b9ed-2f09d3343e07","capabilities":{"firstMatch":[{"platform":"LINUX","webStorageEnabled":false,"takesScreenshot":true,"javascriptEnabled":true,"databaseEnabled":false,"networkConnectionEnabled":true,"locationContextEnabled":false,"warnings":{},"desired":{"platformName":"Android","udid":"GDBNW19927003994","app":"/Users/qing.li/Downloads/MJWeatherBox-prod-release.apk","noReset":true,"deviceName":"GDBNW19927003994","appActivity":"com.moji.mjweather.MainActivity","resetKeyboard":true},"platformName":"Android","udid":"GDBNW19927003994","app":"/Users/qing.li/Downloads/MJWeatherBox-prod-release.apk","noReset":true,"deviceName":"GDBNW19927003994","appActivity":"com.moji.mjweather.MainActivity","resetKeyboard":true,"deviceUDID":"GDBNW19927003994","appPackage":"com.moji.mjweather"}],"alwaysMatch":{}}}}
2020-01-17 03:14:15:593 [WD Proxy] Determined the downstream protocol as 'W3C'
2020-01-17 03:14:15:603 [WD Proxy] Proxying [GET /appium/device/info] to [GET http://127.0.0.1:8202/wd/hub/session/0bd1883d-e600-47b7-b9ed-2f09d3343e07/appium/device/info] with no body
2020-01-17 03:14:15:641 [WD Proxy] Got response with status 200: {"sessionId":"0bd1883d-e600-47b7-b9ed-2f09d3343e07","value":{"androidId":"51b07d07d7f1bc50","manufacturer":"HUAWEI","model":"HLK-AL00","brand":"HONOR","apiVersion":"28","platformVersion":"9","carrierName":"中国电信","realDisplaySize":"1080x2340","displayDensity":480,"networks":[{"type":1,"typeName":"WIFI","subtype":0,"subtypeName":"","isConnected":true,"detailedState":"CONNECTED","state":"CONNECTED","extraInfo":null,"isAvailable":true,"isFailover":false,"isRoaming":false,"capabilities":{"transportTypes":"TRANSPORT_WIFI","networkCapabilities":"NET_CAPABILITY_NOT_METERED,NET_CAPABILITY_INTERNET,NET_CAPABILITY_NOT_RESTRICTED,NET_CAPABILITY_TRUSTED,NET_CAPABILITY_NOT_VPN,NET_CAPABILITY_VALIDATED,NET_CAPABILITY_NOT_ROAMING,NET_CAPABILITY_FOREGROUND,NET_CAPABILITY_NOT_CONGESTED,NET_CAPABILITY_NOT_SUSPENDED","linkUpstreamBandwidthKbps":1048576,"linkDownBandwidthKbps":1048576,"signalStrength":-59,"networkSpecifier":null,"SSID":null}}],"locale":"zh_CN_#Hans","timeZone":"Asia\/Shanghai","bluetooth":{"state":"OFF"}}}
2020-01-17 03:14:15:641 [ADB] Running '/Users/qing.li/Library/Android/sdk/platform-tools/adb -P 5037 -s GDBNW19927003994 shell dumpsys window'
2020-01-17 03:14:15:744 [AndroidDriver] Screen already unlocked, doing nothing
2020-01-17 03:14:15:745 [UiAutomator2] Starting 'com.moji.mjweather/com.moji.mjweather.MainActivity and waiting for 'com.moji.mjweather/com.moji.mjweather.MainActivity'
2020-01-17 03:14:15:747 [ADB] Running '/Users/qing.li/Library/Android/sdk/platform-tools/adb -P 5037 -s GDBNW19927003994 shell am start -W -n com.moji.mjweather/com.moji.mjweather.MainActivity -S -a android.intent.action.MAIN -c android.intent.category.LAUNCHER -f 0x10200000'
2020-01-17 03:14:16:870 [ADB] Waiting up to 20000ms for activity matching pkg: 'com.moji.mjweather' and activity: 'com.moji.mjweather.MainActivity' to be focused
2020-01-17 03:14:16:871 [ADB] Possible activities, to be checked: 'com.moji.mjweather.MainActivity', 'com.moji.mjweather.com.moji.mjweather.MainActivity'
2020-01-17 03:14:16:872 [ADB] Getting focused package and activity
2020-01-17 03:14:16:873 [ADB] Running '/Users/qing.li/Library/Android/sdk/platform-tools/adb -P 5037 -s GDBNW19927003994 shell dumpsys window windows'
2020-01-17 03:14:17:017 [ADB] Found package: 'com.moji.mjweather' and fully qualified activity name : 'com.moji.mjweather.MainActivity'
2020-01-17 03:14:17:019 [WD Proxy] Proxying [GET /appium/device/pixel_ratio] to [GET http://127.0.0.1:8202/wd/hub/session/0bd1883d-e600-47b7-b9ed-2f09d3343e07/appium/device/pixel_ratio] with body: {}
2020-01-17 03:14:17:032 [WD Proxy] Got response with status 200: {"sessionId":"0bd1883d-e600-47b7-b9ed-2f09d3343e07","value":3}
2020-01-17 03:14:17:034 [WD Proxy] Matched '/appium/device/system_bars' to command name 'getSystemBars'
2020-01-17 03:14:17:034 [WD Proxy] Proxying [GET /appium/device/system_bars] to [GET http://127.0.0.1:8202/wd/hub/session/0bd1883d-e600-47b7-b9ed-2f09d3343e07/appium/device/system_bars] with body: {}
2020-01-17 03:14:17:055 [WD Proxy] Got response with status 200: {"sessionId":"0bd1883d-e600-47b7-b9ed-2f09d3343e07","value":{"statusBar":72}}
2020-01-17 03:14:17:056 [WD Proxy] Matched '/window/current/size' to command name 'getWindowSize'
2020-01-17 03:14:17:056 [WD Proxy] Proxying [GET /window/current/size] to [GET http://127.0.0.1:8202/wd/hub/session/0bd1883d-e600-47b7-b9ed-2f09d3343e07/window/current/size] with body: {}
2020-01-17 03:14:17:072 [WD Proxy] Got response with status 200: {"sessionId":"0bd1883d-e600-47b7-b9ed-2f09d3343e07","value":{"height":2340,"width":1080}}
2020-01-17 03:14:17:073 [Appium] New AndroidUiautomator2Driver session created successfully, session fae3ca04-91dd-444a-8856-7ad04018dcba added to master session list
2020-01-17 03:14:17:074 [BaseDriver] Event 'newSessionStarted' logged at 1579230857074 (11:14:17 GMT+0800 (GMT+08:00))
2020-01-17 03:14:17:076 [W3C (fae3ca04)] Cached the protocol value 'W3C' for the new session fae3ca04-91dd-444a-8856-7ad04018dcba
2020-01-17 03:14:17:078 [W3C (fae3ca04)] Responding to client with driver.createSession() result: {"capabilities":{"platform":"LINUX","webStorageEnabled":false,"takesScreenshot":true,"javascriptEnabled":true,"databaseEnabled":false,"networkConnectionEnabled":true,"locationContextEnabled":false,"warnings":{},"desired":{"platformName":"Android","udid":"GDBNW19927003994","app":"/Users/qing.li/Downloads/MJWeatherBox-prod-release.apk","noReset":true,"deviceName":"GDBNW19927003994","appActivity":"com.moji.mjweather.MainActivity","resetKeyboard":true},"platformName":"Android","udid":"GDBNW19927003994","app":"/Users/qing.li/Downloads/MJWeatherBox-prod-release.apk","noReset":true,"deviceName":"GDBNW19927003994","appActivity":"com.moji.mjweather.MainActivity","resetKeyboard":true,"deviceUDID":"GDBNW19927003994","appPackage":"com.moji.mjweather","deviceApiLevel":28,"platformVersion":"9","deviceScreenSize":"1080x2340","deviceScreenDensity":480,"deviceModel":"HLK-AL00","deviceManufacturer":"HUAWEI","pixelRatio":3,"statBarHeight":72,"viewportRect":{"left":0,"top":72,"width":1080,"height":2268}}}
2020-01-17 03:14:17:089 [HTTP] <-- POST /wd/hub/session 200 10487 ms - 1061
2020-01-17 03:14:17:090 [HTTP] 
2020-01-17 03:14:32:105 [HTTP] --> POST /wd/hub/session/fae3ca04-91dd-444a-8856-7ad04018dcba/element
2020-01-17 03:14:32:116 [HTTP] {"using":"id","value":"com.moji.mjweather:id/cb_treaty"}
2020-01-17 03:14:32:119 [W3C (fae3ca04)] Calling AppiumDriver.findElement() with args: ["id","com.moji.mjweather:id/cb_treaty","fae3ca04-91dd-444a-8856-7ad04018dcba"]
2020-01-17 03:14:32:120 [BaseDriver] Valid locator strategies for this request: xpath, id, class name, accessibility id, -android uiautomator
2020-01-17 03:14:32:120 [BaseDriver] Waiting up to 0 ms for condition
2020-01-17 03:14:32:122 [WD Proxy] Matched '/element' to command name 'findElement'
2020-01-17 03:14:32:123 [WD Proxy] Proxying [POST /element] to [POST http://127.0.0.1:8202/wd/hub/session/0bd1883d-e600-47b7-b9ed-2f09d3343e07/element] with body: {"strategy":"id","selector":"com.moji.mjweather:id/cb_treaty","context":"","multiple":false}
2020-01-17 03:14:34:766 [WD Proxy] Got response with status 200: {"sessionId":"0bd1883d-e600-47b7-b9ed-2f09d3343e07","value":{"ELEMENT":"89f62a9b-30c0-4a9b-aef7-d2dd10636c05","element-6066-11e4-a52e-4f735466cecf":"89f62a9b-30c0-4a9b-aef7-d2dd10636c05"}}
2020-01-17 03:14:34:766 [W3C (fae3ca04)] Responding to client with driver.findElement() result: {"element-6066-11e4-a52e-4f735466cecf":"89f62a9b-30c0-4a9b-aef7-d2dd10636c05","ELEMENT":"89f62a9b-30c0-4a9b-aef7-d2dd10636c05"}
2020-01-17 03:14:34:767 [HTTP] <-- POST /wd/hub/session/fae3ca04-91dd-444a-8856-7ad04018dcba/element 200 2663 ms - 137
2020-01-17 03:14:34:768 [HTTP] 
2020-01-17 03:14:34:769 [HTTP] --> POST /wd/hub/session/fae3ca04-91dd-444a-8856-7ad04018dcba/element/89f62a9b-30c0-4a9b-aef7-d2dd10636c05/click
2020-01-17 03:14:34:769 [HTTP] {"id":"89f62a9b-30c0-4a9b-aef7-d2dd10636c05"}
2020-01-17 03:14:34:771 [W3C (fae3ca04)] Calling AppiumDriver.click() with args: ["89f62a9b-30c0-4a9b-aef7-d2dd10636c05","fae3ca04-91dd-444a-8856-7ad04018dcba"]
2020-01-17 03:14:34:772 [WD Proxy] Matched '/element/89f62a9b-30c0-4a9b-aef7-d2dd10636c05/click' to command name 'click'
2020-01-17 03:14:34:773 [WD Proxy] Proxying [POST /element/89f62a9b-30c0-4a9b-aef7-d2dd10636c05/click] to [POST http://127.0.0.1:8202/wd/hub/session/0bd1883d-e600-47b7-b9ed-2f09d3343e07/element/89f62a9b-30c0-4a9b-aef7-d2dd10636c05/click] with body: {"element":"89f62a9b-30c0-4a9b-aef7-d2dd10636c05"}
2020-01-17 03:14:34:813 [WD Proxy] Got response with status 200: {"sessionId":"0bd1883d-e600-47b7-b9ed-2f09d3343e07","value":null}
2020-01-17 03:14:34:814 [W3C (fae3ca04)] Responding to client with driver.click() result: null
2020-01-17 03:14:34:815 [HTTP] <-- POST /wd/hub/session/fae3ca04-91dd-444a-8856-7ad04018dcba/element/89f62a9b-30c0-4a9b-aef7-d2dd10636c05/click 200 45 ms - 14
2020-01-17 03:14:34:815 [HTTP] 
2020-01-17 03:14:34:821 [HTTP] --> POST /wd/hub/session/fae3ca04-91dd-444a-8856-7ad04018dcba/element
2020-01-17 03:14:34:821 [HTTP] {"using":"id","value":"com.moji.mjweather:id/et_login_input_account"}
2020-01-17 03:14:34:823 [W3C (fae3ca04)] Calling AppiumDriver.findElement() with args: ["id","com.moji.mjweather:id/et_login_input_account","fae3ca04-91dd-444a-8856-7ad04018dcba"]
2020-01-17 03:14:34:823 [BaseDriver] Valid locator strategies for this request: xpath, id, class name, accessibility id, -android uiautomator
2020-01-17 03:14:34:824 [BaseDriver] Waiting up to 0 ms for condition
2020-01-17 03:14:34:825 [WD Proxy] Matched '/element' to command name 'findElement'
2020-01-17 03:14:34:825 [WD Proxy] Proxying [POST /element] to [POST http://127.0.0.1:8202/wd/hub/session/0bd1883d-e600-47b7-b9ed-2f09d3343e07/element] with body: {"strategy":"id","selector":"com.moji.mjweather:id/et_login_input_account","context":"","multiple":false}
2020-01-17 03:14:34:848 [WD Proxy] Got response with status 200: {"sessionId":"0bd1883d-e600-47b7-b9ed-2f09d3343e07","value":{"ELEMENT":"613dce88-1033-4c64-94fa-bc3743981358","element-6066-11e4-a52e-4f735466cecf":"613dce88-1033-4c64-94fa-bc3743981358"}}
2020-01-17 03:14:34:848 [W3C (fae3ca04)] Responding to client with driver.findElement() result: {"element-6066-11e4-a52e-4f735466cecf":"613dce88-1033-4c64-94fa-bc3743981358","ELEMENT":"613dce88-1033-4c64-94fa-bc3743981358"}
2020-01-17 03:14:34:850 [HTTP] <-- POST /wd/hub/session/fae3ca04-91dd-444a-8856-7ad04018dcba/element 200 31 ms - 137
2020-01-17 03:14:34:850 [HTTP] 
2020-01-17 03:14:34:851 [HTTP] --> POST /wd/hub/session/fae3ca04-91dd-444a-8856-7ad04018dcba/element/613dce88-1033-4c64-94fa-bc3743981358/value
2020-01-17 03:14:34:852 [HTTP] {"text":"13263106808","value":["1","3","2","6","3","1","0","6","8","0","8"],"id":"613dce88-1033-4c64-94fa-bc3743981358"}
2020-01-17 03:14:34:853 [W3C (fae3ca04)] Calling AppiumDriver.setValue() with args: [["1","3","2","6","3","1","0","6","8","0","8"],"613dce88-1033-4c64-94fa-bc3743981358","fae3ca04-91dd-444a-8856-7ad04018dcba"]
2020-01-17 03:14:34:854 [WD Proxy] Matched '/element/613dce88-1033-4c64-94fa-bc3743981358/value' to command name 'setValue'
2020-01-17 03:14:34:855 [Protocol Converter] Added 'value' property ["1","3","2","6","3","1","0","6","8","0","8"] to 'setValue' request body
2020-01-17 03:14:34:856 [WD Proxy] Proxying [POST /element/613dce88-1033-4c64-94fa-bc3743981358/value] to [POST http://127.0.0.1:8202/wd/hub/session/0bd1883d-e600-47b7-b9ed-2f09d3343e07/element/613dce88-1033-4c64-94fa-bc3743981358/value] with body: {"elementId":"613dce88-1033-4c64-94fa-bc3743981358","text":"13263106808","replace":false,"value":["1","3","2","6","3","1","0","6","8","0","8"]}
2020-01-17 03:14:35:857 [WD Proxy] Got response with status 200: {"sessionId":"0bd1883d-e600-47b7-b9ed-2f09d3343e07","value":null}
2020-01-17 03:14:35:858 [W3C (fae3ca04)] Responding to client with driver.setValue() result: null
2020-01-17 03:14:35:859 [HTTP] <-- POST /wd/hub/session/fae3ca04-91dd-444a-8856-7ad04018dcba/element/613dce88-1033-4c64-94fa-bc3743981358/value 200 1007 ms - 14
2020-01-17 03:14:35:859 [HTTP] 
2020-01-17 03:14:35:862 [HTTP] --> POST /wd/hub/session/fae3ca04-91dd-444a-8856-7ad04018dcba/element
2020-01-17 03:14:35:863 [HTTP] {"using":"id","value":"com.moji.mjweather:id/et_login_input_password"}
2020-01-17 03:14:35:864 [W3C (fae3ca04)] Calling AppiumDriver.findElement() with args: ["id","com.moji.mjweather:id/et_login_input_password","fae3ca04-91dd-444a-8856-7ad04018dcba"]
2020-01-17 03:14:35:864 [BaseDriver] Valid locator strategies for this request: xpath, id, class name, accessibility id, -android uiautomator
2020-01-17 03:14:35:865 [BaseDriver] Waiting up to 0 ms for condition
2020-01-17 03:14:35:866 [WD Proxy] Matched '/element' to command name 'findElement'
2020-01-17 03:14:35:866 [WD Proxy] Proxying [POST /element] to [POST http://127.0.0.1:8202/wd/hub/session/0bd1883d-e600-47b7-b9ed-2f09d3343e07/element] with body: {"strategy":"id","selector":"com.moji.mjweather:id/et_login_input_password","context":"","multiple":false}
2020-01-17 03:14:36:522 [WD Proxy] Got response with status 200: {"sessionId":"0bd1883d-e600-47b7-b9ed-2f09d3343e07","value":{"ELEMENT":"71108d75-dcad-4b44-b61d-5965ee80a6df","element-6066-11e4-a52e-4f735466cecf":"71108d75-dcad-4b44-b61d-5965ee80a6df"}}
2020-01-17 03:14:36:523 [W3C (fae3ca04)] Responding to client with driver.findElement() result: {"element-6066-11e4-a52e-4f735466cecf":"71108d75-dcad-4b44-b61d-5965ee80a6df","ELEMENT":"71108d75-dcad-4b44-b61d-5965ee80a6df"}
2020-01-17 03:14:36:525 [HTTP] <-- POST /wd/hub/session/fae3ca04-91dd-444a-8856-7ad04018dcba/element 200 662 ms - 137
2020-01-17 03:14:36:525 [HTTP] 
2020-01-17 03:14:36:528 [HTTP] --> POST /wd/hub/session/fae3ca04-91dd-444a-8856-7ad04018dcba/element/71108d75-dcad-4b44-b61d-5965ee80a6df/value
2020-01-17 03:14:36:528 [HTTP] {"text":"123456","value":["1","2","3","4","5","6"],"id":"71108d75-dcad-4b44-b61d-5965ee80a6df"}
2020-01-17 03:14:36:529 [W3C (fae3ca04)] Calling AppiumDriver.setValue() with args: [["1","2","3","4","5","6"],"71108d75-dcad-4b44-b61d-5965ee80a6df","fae3ca04-91dd-444a-8856-7ad04018dcba"]
2020-01-17 03:14:36:530 [WD Proxy] Matched '/element/71108d75-dcad-4b44-b61d-5965ee80a6df/value' to command name 'setValue'
2020-01-17 03:14:36:530 [Protocol Converter] Added 'value' property ["1","2","3","4","5","6"] to 'setValue' request body
2020-01-17 03:14:36:530 [WD Proxy] Proxying [POST /element/71108d75-dcad-4b44-b61d-5965ee80a6df/value] to [POST http://127.0.0.1:8202/wd/hub/session/0bd1883d-e600-47b7-b9ed-2f09d3343e07/element/71108d75-dcad-4b44-b61d-5965ee80a6df/value] with body: {"elementId":"71108d75-dcad-4b44-b61d-5965ee80a6df","text":"123456","replace":false,"value":["1","2","3","4","5","6"]}
2020-01-17 03:14:37:081 [WD Proxy] Got response with status 200: {"sessionId":"0bd1883d-e600-47b7-b9ed-2f09d3343e07","value":null}
2020-01-17 03:14:37:082 [W3C (fae3ca04)] Responding to client with driver.setValue() result: null
2020-01-17 03:14:37:083 [HTTP] <-- POST /wd/hub/session/fae3ca04-91dd-444a-8856-7ad04018dcba/element/71108d75-dcad-4b44-b61d-5965ee80a6df/value 200 555 ms - 14
2020-01-17 03:14:37:083 [HTTP] 
2020-01-17 03:14:37:086 [HTTP] --> POST /wd/hub/session/fae3ca04-91dd-444a-8856-7ad04018dcba/element
2020-01-17 03:14:37:086 [HTTP] {"using":"id","value":"com.moji.mjweather:id/tv_action_login"}
2020-01-17 03:14:37:087 [W3C (fae3ca04)] Calling AppiumDriver.findElement() with args: ["id","com.moji.mjweather:id/tv_action_login","fae3ca04-91dd-444a-8856-7ad04018dcba"]
2020-01-17 03:14:37:088 [BaseDriver] Valid locator strategies for this request: xpath, id, class name, accessibility id, -android uiautomator
2020-01-17 03:14:37:088 [BaseDriver] Waiting up to 0 ms for condition
2020-01-17 03:14:37:091 [WD Proxy] Matched '/element' to command name 'findElement'
2020-01-17 03:14:37:091 [WD Proxy] Proxying [POST /element] to [POST http://127.0.0.1:8202/wd/hub/session/0bd1883d-e600-47b7-b9ed-2f09d3343e07/element] with body: {"strategy":"id","selector":"com.moji.mjweather:id/tv_action_login","context":"","multiple":false}
2020-01-17 03:14:37:725 [WD Proxy] Got response with status 200: {"sessionId":"0bd1883d-e600-47b7-b9ed-2f09d3343e07","value":{"ELEMENT":"89e56055-e647-4ef2-a75f-6789accae6c3","element-6066-11e4-a52e-4f735466cecf":"89e56055-e647-4ef2-a75f-6789accae6c3"}}
2020-01-17 03:14:37:725 [W3C (fae3ca04)] Responding to client with driver.findElement() result: {"element-6066-11e4-a52e-4f735466cecf":"89e56055-e647-4ef2-a75f-6789accae6c3","ELEMENT":"89e56055-e647-4ef2-a75f-6789accae6c3"}
2020-01-17 03:14:37:727 [HTTP] <-- POST /wd/hub/session/fae3ca04-91dd-444a-8856-7ad04018dcba/element 200 640 ms - 137
2020-01-17 03:14:37:728 [HTTP] 
2020-01-17 03:14:37:730 [HTTP] --> POST /wd/hub/session/fae3ca04-91dd-444a-8856-7ad04018dcba/element/89e56055-e647-4ef2-a75f-6789accae6c3/click
2020-01-17 03:14:37:730 [HTTP] {"id":"89e56055-e647-4ef2-a75f-6789accae6c3"}
2020-01-17 03:14:37:731 [W3C (fae3ca04)] Calling AppiumDriver.click() with args: ["89e56055-e647-4ef2-a75f-6789accae6c3","fae3ca04-91dd-444a-8856-7ad04018dcba"]
2020-01-17 03:14:37:734 [WD Proxy] Matched '/element/89e56055-e647-4ef2-a75f-6789accae6c3/click' to command name 'click'
2020-01-17 03:14:37:735 [WD Proxy] Proxying [POST /element/89e56055-e647-4ef2-a75f-6789accae6c3/click] to [POST http://127.0.0.1:8202/wd/hub/session/0bd1883d-e600-47b7-b9ed-2f09d3343e07/element/89e56055-e647-4ef2-a75f-6789accae6c3/click] with body: {"element":"89e56055-e647-4ef2-a75f-6789accae6c3"}
2020-01-17 03:14:37:772 [WD Proxy] Got response with status 200: {"sessionId":"0bd1883d-e600-47b7-b9ed-2f09d3343e07","value":null}
2020-01-17 03:14:37:774 [W3C (fae3ca04)] Responding to client with driver.click() result: null
2020-01-17 03:14:37:776 [HTTP] <-- POST /wd/hub/session/fae3ca04-91dd-444a-8856-7ad04018dcba/element/89e56055-e647-4ef2-a75f-6789accae6c3/click 200 45 ms - 14
2020-01-17 03:14:37:776 [HTTP] 
2020-01-17 03:15:37:780 [BaseDriver] Shutting down because we waited 60 seconds for a command
2020-01-17 03:15:37:781 [Appium] Closing session, cause was 'New Command Timeout of 60 seconds expired. Try customizing the timeout using the 'newCommandTimeout' desired capability'
2020-01-17 03:15:37:783 [Appium] Removing session 'fae3ca04-91dd-444a-8856-7ad04018dcba' from our master session list
2020-01-17 03:15:37:784 [UiAutomator2] Deleting UiAutomator2 session
2020-01-17 03:15:37:788 [UiAutomator2] Deleting UiAutomator2 server session
2020-01-17 03:15:37:788 [WD Proxy] Matched '/' to command name 'deleteSession'
2020-01-17 03:15:37:789 [WD Proxy] Proxying [DELETE /] to [DELETE http://127.0.0.1:8202/wd/hub/session/0bd1883d-e600-47b7-b9ed-2f09d3343e07] with no body
2020-01-17 03:15:37:839 [WD Proxy] Got response with status 200: {"sessionId":"0bd1883d-e600-47b7-b9ed-2f09d3343e07","value":null}
2020-01-17 03:15:37:840 [ADB] Running '/Users/qing.li/Library/Android/sdk/platform-tools/adb -P 5037 -s GDBNW19927003994 shell am force-stop com.moji.mjweather'
2020-01-17 03:15:37:978 [Logcat] Stopping logcat capture
2020-01-17 03:15:37:980 [ADB] Removing forwarded port socket connection: 8202 
2020-01-17 03:15:37:980 [ADB] Running '/Users/qing.li/Library/Android/sdk/platform-tools/adb -P 5037 -s GDBNW19927003994 forward --remove tcp\:8202'
2020-01-17 03:15:37:989 [UiAutomator2] Restoring hidden api policy to the device default configuration
2020-01-17 03:15:37:990 [ADB] Running '/Users/qing.li/Library/Android/sdk/platform-tools/adb -P 5037 -s GDBNW19927003994 shell settings delete global hidden_api_policy_pre_p_apps'
2020-01-17 03:15:38:057 [ADB] Running '/Users/qing.li/Library/Android/sdk/platform-tools/adb -P 5037 -s GDBNW19927003994 shell settings delete global hidden_api_policy_p_apps'
2020-01-17 03:15:38:113 [ADB] Running '/Users/qing.li/Library/Android/sdk/platform-tools/adb -P 5037 -s GDBNW19927003994 shell settings delete global hidden_api_policy'
2020-01-17 03:15:38:342 [Instrumentation] .
2020-01-17 03:15:38:749 [Instrumentation] Time: 84.062
2020-01-17 03:15:38:749 [Instrumentation] 
2020-01-17 03:15:38:750 [Instrumentation] OK (1 test)
2020-01-17 03:15:38:808 [Instrumentation] The process has exited with code 0
2020-01-19 06:34:46:534 [HTTP] --> POST /wd/hub/session
2020-01-19 06:34:46:535 [HTTP] {"capabilities":{"firstMatch":[{"platformName":"Android","appium:app":"/Users/qing.li/Downloads/MJWeatherBox-prod-release.apk","appium:noReset":true,"appium:deviceName":"GDBNW19927003994","appium:appActivity":"com.moji.mjweather.MainActivity","appium:resetKeyboard":true}]},"desiredCapabilities":{"platformName":"Android","app":"/Users/qing.li/Downloads/MJWeatherBox-prod-release.apk","noReset":true,"deviceName":"GDBNW19927003994","appActivity":"com.moji.mjweather.MainActivity","resetKeyboard":true}}
2020-01-19 06:34:46:540 [W3C] Calling AppiumDriver.createSession() with args: [{"platformName":"Android","app":"/Users/qing.li/Downloads/MJWeatherBox-prod-release.apk","noReset":true,"deviceName":"GDBNW19927003994","appActivity":"com.moji.mjweather.MainActivity","resetKeyboard":true},null,{"firstMatch":[{"platformName":"Android","appium:app":"/Users/qing.li/Downloads/MJWeatherBox-prod-release.apk","appium:noReset":true,"appium:deviceName":"GDBNW19927003994","appium:appActivity":"com.moji.mjweather.MainActivity","appium:resetKeyboard":true}]}]
2020-01-19 06:34:46:541 [BaseDriver] Event 'newSessionRequested' logged at 1579415686540 (14:34:46 GMT+0800 (GMT+08:00))
2020-01-19 06:34:46:550 [BaseDriver] The capabilities ["udid"] are not standard capabilities and should have an extension prefix
2020-01-19 06:34:46:554 [Appium] 
2020-01-19 06:34:46:554 [Appium] ======================================================================
2020-01-19 06:34:46:554 [Appium]   DEPRECATION WARNING:
2020-01-19 06:34:46:554 [Appium] 
2020-01-19 06:34:46:555 [Appium]   The 'automationName' capability was not provided in the desired 
2020-01-19 06:34:46:555 [Appium]   capabilities for this Android session
2020-01-19 06:34:46:555 [Appium] 
2020-01-19 06:34:46:555 [Appium]   Setting 'automationName=UiAutomator2' by default and using the 
2020-01-19 06:34:46:555 [Appium]   UiAutomator2 Driver
2020-01-19 06:34:46:556 [Appium] 
2020-01-19 06:34:46:556 [Appium]   The next major version of Appium (2.x) will **require** the 
2020-01-19 06:34:46:556 [Appium]   'automationName' capability to be set for all sessions on all 
2020-01-19 06:34:46:558 [Appium]   platforms
2020-01-19 06:34:46:560 [Appium] 
2020-01-19 06:34:46:562 [Appium]   In previous versions (Appium <= 1.13.x), the default was 
2020-01-19 06:34:46:563 [Appium]   'automationName=UiAutomator1'
2020-01-19 06:34:46:575 [Appium] 
2020-01-19 06:34:46:576 [Appium]   If you wish to use that automation instead of UiAutomator2, please 
2020-01-19 06:34:46:577 [Appium]   add 'automationName=UiAutomator1' to your desired capabilities
2020-01-19 06:34:46:577 [Appium] 
2020-01-19 06:34:46:578 [Appium]   For more information about drivers, please visit 
2020-01-19 06:34:46:578 [Appium]   http://appium.io/docs/en/about-appium/intro/ and explore the 
2020-01-19 06:34:46:578 [Appium]   'Drivers' menu
2020-01-19 06:34:46:578 [Appium] 
2020-01-19 06:34:46:578 [Appium] ======================================================================
2020-01-19 06:34:46:579 [Appium] 
2020-01-19 06:34:46:579 [Appium] Appium v1.16.0 creating new AndroidUiautomator2Driver (v1.40.0) session
2020-01-19 06:34:46:585 [BaseDriver] W3C capabilities and MJSONWP desired capabilities were provided
2020-01-19 06:34:46:585 [BaseDriver] Creating session with W3C capabilities: {
2020-01-19 06:34:46:585 [BaseDriver]   "alwaysMatch": {
2020-01-19 06:34:46:585 [BaseDriver]     "platformName": "Android",
2020-01-19 06:34:46:586 [BaseDriver]     "appium:udid": "GDBNW19927003994",
2020-01-19 06:34:46:586 [BaseDriver]     "appium:app": "/Users/qing.li/Downloads/MJWeatherBox-prod-release.apk",
2020-01-19 06:34:46:586 [BaseDriver]     "appium:noReset": true,
2020-01-19 06:34:46:586 [BaseDriver]     "appium:deviceName": "GDBNW19927003994",
2020-01-19 06:34:46:586 [BaseDriver]     "appium:appActivity": "com.moji.mjweather.MainActivity",
2020-01-19 06:34:46:587 [BaseDriver]     "appium:resetKeyboard": true
2020-01-19 06:34:46:587 [BaseDriver]   },
2020-01-19 06:34:46:587 [BaseDriver]   "firstMatch": [
2020-01-19 06:34:46:587 [BaseDriver]     {}
2020-01-19 06:34:46:587 [BaseDriver]   ]
2020-01-19 06:34:46:588 [BaseDriver] }
2020-01-19 06:34:46:602 [BaseDriver] Session created with session id: dd58328f-3ed7-462c-ae4e-5e210eec6967
2020-01-19 06:34:47:006 [BaseDriver] Using local app '/Users/qing.li/Downloads/MJWeatherBox-prod-release.apk'
2020-01-19 06:34:47:011 [UiAutomator2] Checking whether app is actually present
2020-01-19 06:34:47:013 [ADB] The ANDROID_HOME environment variable is not set to the Android SDK root directory path. ANDROID_HOME is required for compatibility with SDK 23+. Checking along PATH for adb.
2020-01-19 06:34:47:023 [ADB] Using 'adb' from '/Users/qing.li/Library/Android/sdk/platform-tools/adb'
2020-01-19 06:34:47:025 [AndroidDriver] Retrieving device list
2020-01-19 06:34:47:025 [ADB] Trying to find a connected android device
2020-01-19 06:34:47:025 [ADB] Getting connected devices...
2020-01-19 06:34:47:045 [ADB] No connected devices have been detected
2020-01-19 06:34:47:045 [ADB] Could not find devices, restarting adb server...
2020-01-19 06:34:47:047 [ADB] Restarting adb
2020-01-19 06:34:47:047 [ADB] Killing adb server on port 5037
2020-01-19 06:34:47:047 [ADB] Running '/Users/qing.li/Library/Android/sdk/platform-tools/adb -P 5037 kill-server'
2020-01-19 06:34:47:267 [ADB] Getting connected devices...
2020-01-19 06:34:50:401 [ADB] No connected devices have been detected
2020-01-19 06:34:50:402 [ADB] Could not find devices, restarting adb server...
2020-01-19 06:34:50:402 [ADB] Restarting adb
2020-01-19 06:34:50:402 [ADB] Killing adb server on port 5037
2020-01-19 06:34:50:402 [ADB] Running '/Users/qing.li/Library/Android/sdk/platform-tools/adb -P 5037 kill-server'
2020-01-19 06:34:50:620 [ADB] Getting connected devices...
2020-01-19 06:34:53:755 [ADB] No connected devices have been detected
2020-01-19 06:34:53:755 [ADB] Could not find devices, restarting adb server...
2020-01-19 06:34:53:756 [ADB] Restarting adb
2020-01-19 06:34:53:756 [ADB] Killing adb server on port 5037
2020-01-19 06:34:53:757 [ADB] Running '/Users/qing.li/Library/Android/sdk/platform-tools/adb -P 5037 kill-server'
2020-01-19 06:34:53:969 [ADB] Getting connected devices...
2020-01-19 06:34:57:100 [ADB] No connected devices have been detected
2020-01-19 06:34:57:100 [ADB] Could not find devices, restarting adb server...
2020-01-19 06:34:57:100 [ADB] Restarting adb
2020-01-19 06:34:57:101 [ADB] Killing adb server on port 5037
2020-01-19 06:34:57:101 [ADB] Running '/Users/qing.li/Library/Android/sdk/platform-tools/adb -P 5037 kill-server'
2020-01-19 06:34:57:316 [ADB] Getting connected devices...
2020-01-19 06:35:00:437 [ADB] No connected devices have been detected
2020-01-19 06:35:00:437 [ADB] Could not find devices, restarting adb server...
2020-01-19 06:35:00:438 [ADB] Restarting adb
2020-01-19 06:35:00:438 [ADB] Killing adb server on port 5037
2020-01-19 06:35:00:438 [ADB] Running '/Users/qing.li/Library/Android/sdk/platform-tools/adb -P 5037 kill-server'
2020-01-19 06:35:00:649 [ADB] Getting connected devices...
2020-01-19 06:35:03:774 [ADB] No connected devices have been detected
2020-01-19 06:35:03:774 [ADB] Could not find devices, restarting adb server...
2020-01-19 06:35:03:775 [ADB] Restarting adb
2020-01-19 06:35:03:775 [ADB] Killing adb server on port 5037
2020-01-19 06:35:03:776 [ADB] Running '/Users/qing.li/Library/Android/sdk/platform-tools/adb -P 5037 kill-server'
2020-01-19 06:35:03:987 [ADB] Getting connected devices...
2020-01-19 06:35:07:116 [ADB] No connected devices have been detected
2020-01-19 06:35:07:117 [ADB] Could not find devices, restarting adb server...
2020-01-19 06:35:07:117 [ADB] Restarting adb
2020-01-19 06:35:07:117 [ADB] Killing adb server on port 5037
2020-01-19 06:35:07:117 [ADB] Running '/Users/qing.li/Library/Android/sdk/platform-tools/adb -P 5037 kill-server'
2020-01-19 06:35:07:333 [ADB] Could not find devices, restarting adb server...
2020-01-19 06:35:07:334 [ADB] Restarting adb
2020-01-19 06:35:07:334 [ADB] Killing adb server on port 5037
2020-01-19 06:35:07:335 [ADB] Running '/Users/qing.li/Library/Android/sdk/platform-tools/adb -P 5037 kill-server'
2020-01-19 06:35:07:548 [ADB] Could not find devices, restarting adb server...
2020-01-19 06:35:07:548 [ADB] Restarting adb
2020-01-19 06:35:07:549 [ADB] Killing adb server on port 5037
2020-01-19 06:35:07:549 [ADB] Running '/Users/qing.li/Library/Android/sdk/platform-tools/adb -P 5037 kill-server'
2020-01-19 06:35:07:758 [ADB] Could not find devices, restarting adb server...
2020-01-19 06:35:07:759 [ADB] Restarting adb
2020-01-19 06:35:07:759 [ADB] Killing adb server on port 5037
2020-01-19 06:35:07:760 [ADB] Running '/Users/qing.li/Library/Android/sdk/platform-tools/adb -P 5037 kill-server'
2020-01-19 06:35:07:971 [ADB] Could not find devices, restarting adb server...
2020-01-19 06:35:07:971 [ADB] Restarting adb
2020-01-19 06:35:07:972 [ADB] Killing adb server on port 5037
2020-01-19 06:35:07:972 [ADB] Running '/Users/qing.li/Library/Android/sdk/platform-tools/adb -P 5037 kill-server'
2020-01-19 06:35:08:184 [ADB] Could not find devices, restarting adb server...
2020-01-19 06:35:08:184 [ADB] Restarting adb
2020-01-19 06:35:08:185 [ADB] Killing adb server on port 5037
2020-01-19 06:35:08:185 [ADB] Running '/Users/qing.li/Library/Android/sdk/platform-tools/adb -P 5037 kill-server'
2020-01-19 06:35:08:398 [ADB] Could not find devices, restarting adb server...
2020-01-19 06:35:08:399 [ADB] Restarting adb
2020-01-19 06:35:08:399 [ADB] Killing adb server on port 5037
2020-01-19 06:35:08:399 [ADB] Running '/Users/qing.li/Library/Android/sdk/platform-tools/adb -P 5037 kill-server'
2020-01-19 06:35:08:610 [ADB] Could not find devices, restarting adb server...
2020-01-19 06:35:08:611 [ADB] Restarting adb
2020-01-19 06:35:08:611 [ADB] Killing adb server on port 5037
2020-01-19 06:35:08:611 [ADB] Running '/Users/qing.li/Library/Android/sdk/platform-tools/adb -P 5037 kill-server'
2020-01-19 06:35:08:825 [UiAutomator2] Deleting UiAutomator2 session
2020-01-19 06:35:08:826 [BaseDriver] Event 'newSessionStarted' logged at 1579415708826 (14:35:08 GMT+0800 (GMT+08:00))
2020-01-19 06:35:08:922 [W3C] Encountered internal error running command: Error: Could not find a connected Android device.
2020-01-19 06:35:08:922 [W3C]     at getDevices (/usr/local/lib/node_modules/appium/node_modules/appium-adb/lib/tools/system-calls.js:203:13)
2020-01-19 06:35:08:922 [W3C]     at getDevices (/usr/local/lib/node_modules/appium/node_modules/appium-adb/lib/tools/system-calls.js:220:20)
2020-01-19 06:35:08:922 [W3C]     at ADB.getDevicesWithRetry (/usr/local/lib/node_modules/appium/node_modules/appium-adb/lib/tools/system-calls.js:223:10)
2020-01-19 06:35:08:923 [W3C]     at Object.getDeviceInfoFromCaps (/usr/local/lib/node_modules/appium/node_modules/appium-android-driver/lib/android-helpers.js:195:19)
2020-01-19 06:35:08:923 [W3C]     at AndroidUiautomator2Driver.startUiAutomator2Session (/usr/local/lib/node_modules/appium/node_modules/appium-uiautomator2-driver/lib/driver.js:286:26)
2020-01-19 06:35:08:923 [W3C]     at AndroidUiautomator2Driver.createSession (/usr/local/lib/node_modules/appium/node_modules/appium-uiautomator2-driver/lib/driver.js:208:7)
2020-01-19 06:35:08:923 [W3C]     at AppiumDriver.createSession (/usr/local/lib/node_modules/appium/lib/appium.js:358:35)
2020-01-19 06:35:08:955 [HTTP] <-- POST /wd/hub/session 500 22434 ms - 581
2020-01-19 06:35:08:955 [HTTP] 
2020-01-19 06:35:46:547 [HTTP] --> POST /wd/hub/session
2020-01-19 06:35:46:547 [HTTP] {"capabilities":{"firstMatch":[{"platformName":"Android","appium:app":"/Users/qing.li/Downloads/MJWeatherBox-prod-release.apk","appium:noReset":true,"appium:deviceName":"GDBNW19927003994","appium:appActivity":"com.moji.mjweather.MainActivity","appium:resetKeyboard":true}]},"desiredCapabilities":{"platformName":"Android","app":"/Users/qing.li/Downloads/MJWeatherBox-prod-release.apk","noReset":true,"deviceName":"GDBNW19927003994","appActivity":"com.moji.mjweather.MainActivity","resetKeyboard":true}}
2020-01-19 06:35:46:548 [W3C] Calling AppiumDriver.createSession() with args: [{"platformName":"Android","app":"/Users/qing.li/Downloads/MJWeatherBox-prod-release.apk","noReset":true,"deviceName":"GDBNW19927003994","appActivity":"com.moji.mjweather.MainActivity","resetKeyboard":true},null,{"firstMatch":[{"platformName":"Android","appium:app":"/Users/qing.li/Downloads/MJWeatherBox-prod-release.apk","appium:noReset":true,"appium:deviceName":"GDBNW19927003994","appium:appActivity":"com.moji.mjweather.MainActivity","appium:resetKeyboard":true}]}]
2020-01-19 06:35:46:548 [BaseDriver] Event 'newSessionRequested' logged at 1579415746548 (14:35:46 GMT+0800 (GMT+08:00))
2020-01-19 06:35:46:549 [BaseDriver] The capabilities ["udid"] are not standard capabilities and should have an extension prefix
2020-01-19 06:35:46:550 [Appium] 
2020-01-19 06:35:46:550 [Appium] ======================================================================
2020-01-19 06:35:46:550 [Appium]   DEPRECATION WARNING:
2020-01-19 06:35:46:550 [Appium] 
2020-01-19 06:35:46:551 [Appium]   The 'automationName' capability was not provided in the desired 
2020-01-19 06:35:46:551 [Appium]   capabilities for this Android session
2020-01-19 06:35:46:551 [Appium] 
2020-01-19 06:35:46:551 [Appium]   Setting 'automationName=UiAutomator2' by default and using the 
2020-01-19 06:35:46:551 [Appium]   UiAutomator2 Driver
2020-01-19 06:35:46:552 [Appium] 
2020-01-19 06:35:46:552 [Appium]   The next major version of Appium (2.x) will **require** the 
2020-01-19 06:35:46:552 [Appium]   'automationName' capability to be set for all sessions on all 
2020-01-19 06:35:46:552 [Appium]   platforms
2020-01-19 06:35:46:553 [Appium] 
2020-01-19 06:35:46:553 [Appium]   In previous versions (Appium <= 1.13.x), the default was 
2020-01-19 06:35:46:553 [Appium]   'automationName=UiAutomator1'
2020-01-19 06:35:46:554 [Appium] 
2020-01-19 06:35:46:554 [Appium]   If you wish to use that automation instead of UiAutomator2, please 
2020-01-19 06:35:46:554 [Appium]   add 'automationName=UiAutomator1' to your desired capabilities
2020-01-19 06:35:46:555 [Appium] 
2020-01-19 06:35:46:555 [Appium]   For more information about drivers, please visit 
2020-01-19 06:35:46:555 [Appium]   http://appium.io/docs/en/about-appium/intro/ and explore the 
2020-01-19 06:35:46:555 [Appium]   'Drivers' menu
2020-01-19 06:35:46:556 [Appium] 
2020-01-19 06:35:46:556 [Appium] ======================================================================
2020-01-19 06:35:46:556 [Appium] 
2020-01-19 06:35:46:556 [Appium] Appium v1.16.0 creating new AndroidUiautomator2Driver (v1.40.0) session
2020-01-19 06:35:46:557 [BaseDriver] W3C capabilities and MJSONWP desired capabilities were provided
2020-01-19 06:35:46:558 [BaseDriver] Creating session with W3C capabilities: {
2020-01-19 06:35:46:558 [BaseDriver]   "alwaysMatch": {
2020-01-19 06:35:46:558 [BaseDriver]     "platformName": "Android",
2020-01-19 06:35:46:558 [BaseDriver]     "appium:udid": "GDBNW19927003994",
2020-01-19 06:35:46:560 [BaseDriver]     "appium:app": "/Users/qing.li/Downloads/MJWeatherBox-prod-release.apk",
2020-01-19 06:35:46:560 [BaseDriver]     "appium:noReset": true,
2020-01-19 06:35:46:560 [BaseDriver]     "appium:deviceName": "GDBNW19927003994",
2020-01-19 06:35:46:560 [BaseDriver]     "appium:appActivity": "com.moji.mjweather.MainActivity",
2020-01-19 06:35:46:560 [BaseDriver]     "appium:resetKeyboard": true
2020-01-19 06:35:46:561 [BaseDriver]   },
2020-01-19 06:35:46:561 [BaseDriver]   "firstMatch": [
2020-01-19 06:35:46:561 [BaseDriver]     {}
2020-01-19 06:35:46:561 [BaseDriver]   ]
2020-01-19 06:35:46:562 [BaseDriver] }
2020-01-19 06:35:46:571 [BaseDriver] Session created with session id: 8c8540a8-ac2e-430d-af34-03337f7d11ba
2020-01-19 06:35:46:571 [BaseDriver] Using local app '/Users/qing.li/Downloads/MJWeatherBox-prod-release.apk'
2020-01-19 06:35:46:572 [UiAutomator2] Checking whether app is actually present
2020-01-19 06:35:46:572 [ADB] The ANDROID_HOME environment variable is not set to the Android SDK root directory path. ANDROID_HOME is required for compatibility with SDK 23+. Checking along PATH for adb.
2020-01-19 06:35:46:576 [ADB] Using 'adb' from '/Users/qing.li/Library/Android/sdk/platform-tools/adb'
2020-01-19 06:35:46:577 [AndroidDriver] Retrieving device list
2020-01-19 06:35:46:577 [ADB] Trying to find a connected android device
2020-01-19 06:35:46:580 [ADB] Getting connected devices...
2020-01-19 06:35:49:711 [ADB] Connected devices: [{"udid":"R58MB0Z4WCX","state":"device"}]
2020-01-19 06:35:49:711 [AndroidDriver] Device GDBNW19927003994 was not in the list of connected devices
2020-01-19 06:35:49:712 [UiAutomator2] Deleting UiAutomator2 session
2020-01-19 06:35:49:713 [BaseDriver] Event 'newSessionStarted' logged at 1579415749713 (14:35:49 GMT+0800 (GMT+08:00))
2020-01-19 06:35:49:716 [W3C] Encountered internal error running command: Error: Device GDBNW19927003994 was not in the list of connected devices
2020-01-19 06:35:49:717 [W3C]     at Object.errorAndThrow (/usr/local/lib/node_modules/appium/node_modules/appium-support/lib/logging.js:74:35)
2020-01-19 06:35:49:717 [W3C]     at Object.getDeviceInfoFromCaps (/usr/local/lib/node_modules/appium/node_modules/appium-android-driver/lib/android-helpers.js:200:16)
2020-01-19 06:35:49:717 [W3C]     at AndroidUiautomator2Driver.startUiAutomator2Session (/usr/local/lib/node_modules/appium/node_modules/appium-uiautomator2-driver/lib/driver.js:286:26)
2020-01-19 06:35:49:718 [W3C]     at AndroidUiautomator2Driver.createSession (/usr/local/lib/node_modules/appium/node_modules/appium-uiautomator2-driver/lib/driver.js:208:7)
2020-01-19 06:35:49:718 [W3C]     at AppiumDriver.createSession (/usr/local/lib/node_modules/appium/lib/appium.js:358:35)
2020-01-19 06:35:49:719 [HTTP] <-- POST /wd/hub/session 500 3172 ms - 625
2020-01-19 06:35:49:720 [HTTP] 
2020-01-19 06:37:16:959 [HTTP] --> POST /wd/hub/session
2020-01-19 06:37:16:959 [HTTP] {"capabilities":{"firstMatch":[{"platformName":"Android","appium:app":"/Users/qing.li/Downloads/MJWeatherBox-prod-release.apk","appium:noReset":true,"appium:deviceName":"R58MB0Z4WCX","appium:appActivity":"com.moji.mjweather.MainActivity","appium:resetKeyboard":true}]},"desiredCapabilities":{"platformName":"Android","app":"/Users/qing.li/Downloads/MJWeatherBox-prod-release.apk","noReset":true,"deviceName":"R58MB0Z4WCX","appActivity":"com.moji.mjweather.MainActivity","resetKeyboard":true}}
2020-01-19 06:37:16:960 [W3C] Calling AppiumDriver.createSession() with args: [{"platformName":"Android","app":"/Users/qing.li/Downloads/MJWeatherBox-prod-release.apk","noReset":true,"deviceName":"R58MB0Z4WCX","appActivity":"com.moji.mjweather.MainActivity","resetKeyboard":true},null,{"firstMatch":[{"platformName":"Android","appium:app":"/Users/qing.li/Downloads/MJWeatherBox-prod-release.apk","appium:noReset":true,"appium:deviceName":"R58MB0Z4WCX","appium:appActivity":"com.moji.mjweather.MainActivity","appium:resetKeyboard":true}]}]
2020-01-19 06:37:16:960 [BaseDriver] Event 'newSessionRequested' logged at 1579415836960 (14:37:16 GMT+0800 (GMT+08:00))
2020-01-19 06:37:16:961 [BaseDriver] The capabilities ["udid"] are not standard capabilities and should have an extension prefix
2020-01-19 06:37:16:963 [Appium] 
2020-01-19 06:37:16:963 [Appium] ======================================================================
2020-01-19 06:37:16:963 [Appium]   DEPRECATION WARNING:
2020-01-19 06:37:16:963 [Appium] 
2020-01-19 06:37:16:964 [Appium]   The 'automationName' capability was not provided in the desired 
2020-01-19 06:37:16:964 [Appium]   capabilities for this Android session
2020-01-19 06:37:16:964 [Appium] 
2020-01-19 06:37:16:964 [Appium]   Setting 'automationName=UiAutomator2' by default and using the 
2020-01-19 06:37:16:964 [Appium]   UiAutomator2 Driver
2020-01-19 06:37:16:964 [Appium] 
2020-01-19 06:37:16:965 [Appium]   The next major version of Appium (2.x) will **require** the 
2020-01-19 06:37:16:965 [Appium]   'automationName' capability to be set for all sessions on all 
2020-01-19 06:37:16:965 [Appium]   platforms
2020-01-19 06:37:16:965 [Appium] 
2020-01-19 06:37:16:965 [Appium]   In previous versions (Appium <= 1.13.x), the default was 
2020-01-19 06:37:16:965 [Appium]   'automationName=UiAutomator1'
2020-01-19 06:37:16:966 [Appium] 
2020-01-19 06:37:16:967 [Appium]   If you wish to use that automation instead of UiAutomator2, please 
2020-01-19 06:37:16:967 [Appium]   add 'automationName=UiAutomator1' to your desired capabilities
2020-01-19 06:37:16:967 [Appium] 
2020-01-19 06:37:16:967 [Appium]   For more information about drivers, please visit 
2020-01-19 06:37:16:968 [Appium]   http://appium.io/docs/en/about-appium/intro/ and explore the 
2020-01-19 06:37:16:968 [Appium]   'Drivers' menu
2020-01-19 06:37:16:968 [Appium] 
2020-01-19 06:37:16:968 [Appium] ======================================================================
2020-01-19 06:37:16:968 [Appium] 
2020-01-19 06:37:16:969 [Appium] Appium v1.16.0 creating new AndroidUiautomator2Driver (v1.40.0) session
2020-01-19 06:37:16:969 [BaseDriver] W3C capabilities and MJSONWP desired capabilities were provided
2020-01-19 06:37:16:970 [BaseDriver] Creating session with W3C capabilities: {
2020-01-19 06:37:16:970 [BaseDriver]   "alwaysMatch": {
2020-01-19 06:37:16:970 [BaseDriver]     "platformName": "Android",
2020-01-19 06:37:16:970 [BaseDriver]     "appium:udid": "GDBNW19927003994",
2020-01-19 06:37:16:970 [BaseDriver]     "appium:app": "/Users/qing.li/Downloads/MJWeatherBox-prod-release.apk",
2020-01-19 06:37:16:971 [BaseDriver]     "appium:noReset": true,
2020-01-19 06:37:16:971 [BaseDriver]     "appium:deviceName": "R58MB0Z4WCX",
2020-01-19 06:37:16:971 [BaseDriver]     "appium:appActivity": "com.moji.mjweather.MainActivity",
2020-01-19 06:37:16:971 [BaseDriver]     "appium:resetKeyboard": true
2020-01-19 06:37:16:971 [BaseDriver]   },
2020-01-19 06:37:16:971 [BaseDriver]   "firstMatch": [
2020-01-19 06:37:16:972 [BaseDriver]     {}
2020-01-19 06:37:16:972 [BaseDriver]   ]
2020-01-19 06:37:16:974 [BaseDriver] }
2020-01-19 06:37:16:978 [BaseDriver] Session created with session id: 03b61140-4acb-4377-ad1c-e112dc3de56c
2020-01-19 06:37:16:978 [BaseDriver] Using local app '/Users/qing.li/Downloads/MJWeatherBox-prod-release.apk'
2020-01-19 06:37:16:979 [UiAutomator2] Checking whether app is actually present
2020-01-19 06:37:16:979 [ADB] The ANDROID_HOME environment variable is not set to the Android SDK root directory path. ANDROID_HOME is required for compatibility with SDK 23+. Checking along PATH for adb.
2020-01-19 06:37:16:981 [ADB] Using 'adb' from '/Users/qing.li/Library/Android/sdk/platform-tools/adb'
2020-01-19 06:37:16:981 [AndroidDriver] Retrieving device list
2020-01-19 06:37:16:982 [ADB] Trying to find a connected android device
2020-01-19 06:37:16:982 [ADB] Getting connected devices...
2020-01-19 06:37:16:993 [ADB] Connected devices: [{"udid":"R58MB0Z4WCX","state":"device"}]
2020-01-19 06:37:16:993 [AndroidDriver] Device GDBNW19927003994 was not in the list of connected devices
2020-01-19 06:37:16:994 [UiAutomator2] Deleting UiAutomator2 session
2020-01-19 06:37:16:994 [BaseDriver] Event 'newSessionStarted' logged at 1579415836994 (14:37:16 GMT+0800 (GMT+08:00))
2020-01-19 06:37:16:995 [W3C] Encountered internal error running command: Error: Device GDBNW19927003994 was not in the list of connected devices
2020-01-19 06:37:16:995 [W3C]     at Object.errorAndThrow (/usr/local/lib/node_modules/appium/node_modules/appium-support/lib/logging.js:74:35)
2020-01-19 06:37:16:996 [W3C]     at Object.getDeviceInfoFromCaps (/usr/local/lib/node_modules/appium/node_modules/appium-android-driver/lib/android-helpers.js:200:16)
2020-01-19 06:37:16:996 [W3C]     at AndroidUiautomator2Driver.startUiAutomator2Session (/usr/local/lib/node_modules/appium/node_modules/appium-uiautomator2-driver/lib/driver.js:286:26)
2020-01-19 06:37:16:996 [W3C]     at AndroidUiautomator2Driver.createSession (/usr/local/lib/node_modules/appium/node_modules/appium-uiautomator2-driver/lib/driver.js:208:7)
2020-01-19 06:37:16:996 [W3C]     at AppiumDriver.createSession (/usr/local/lib/node_modules/appium/lib/appium.js:358:35)
2020-01-19 06:37:16:998 [HTTP] <-- POST /wd/hub/session 500 39 ms - 625
2020-01-19 06:37:16:998 [HTTP] 
2020-01-19 06:37:34:858 [HTTP] --> POST /wd/hub/session
2020-01-19 06:37:34:858 [HTTP] {"capabilities":{"firstMatch":[{"platformName":"Android","appium:app":"/Users/qing.li/Downloads/MJWeatherBox-prod-release.apk","appium:noReset":true,"appium:deviceName":"R58MB0Z4WCX","appium:appActivity":"com.moji.mjweather.MainActivity","appium:resetKeyboard":true}]},"desiredCapabilities":{"platformName":"Android","app":"/Users/qing.li/Downloads/MJWeatherBox-prod-release.apk","noReset":true,"deviceName":"R58MB0Z4WCX","appActivity":"com.moji.mjweather.MainActivity","resetKeyboard":true}}
2020-01-19 06:37:34:859 [W3C] Calling AppiumDriver.createSession() with args: [{"platformName":"Android","app":"/Users/qing.li/Downloads/MJWeatherBox-prod-release.apk","noReset":true,"deviceName":"R58MB0Z4WCX","appActivity":"com.moji.mjweather.MainActivity","resetKeyboard":true},null,{"firstMatch":[{"platformName":"Android","appium:app":"/Users/qing.li/Downloads/MJWeatherBox-prod-release.apk","appium:noReset":true,"appium:deviceName":"R58MB0Z4WCX","appium:appActivity":"com.moji.mjweather.MainActivity","appium:resetKeyboard":true}]}]
2020-01-19 06:37:34:859 [BaseDriver] Event 'newSessionRequested' logged at 1579415854859 (14:37:34 GMT+0800 (GMT+08:00))
2020-01-19 06:37:34:859 [BaseDriver] The capabilities ["udid"] are not standard capabilities and should have an extension prefix
2020-01-19 06:37:34:861 [Appium] 
2020-01-19 06:37:34:861 [Appium] ======================================================================
2020-01-19 06:37:34:861 [Appium]   DEPRECATION WARNING:
2020-01-19 06:37:34:862 [Appium] 
2020-01-19 06:37:34:862 [Appium]   The 'automationName' capability was not provided in the desired 
2020-01-19 06:37:34:862 [Appium]   capabilities for this Android session
2020-01-19 06:37:34:862 [Appium] 
2020-01-19 06:37:34:862 [Appium]   Setting 'automationName=UiAutomator2' by default and using the 
2020-01-19 06:37:34:862 [Appium]   UiAutomator2 Driver
2020-01-19 06:37:34:862 [Appium] 
2020-01-19 06:37:34:863 [Appium]   The next major version of Appium (2.x) will **require** the 
2020-01-19 06:37:34:863 [Appium]   'automationName' capability to be set for all sessions on all 
2020-01-19 06:37:34:863 [Appium]   platforms
2020-01-19 06:37:34:863 [Appium] 
2020-01-19 06:37:34:864 [Appium]   In previous versions (Appium <= 1.13.x), the default was 
2020-01-19 06:37:34:864 [Appium]   'automationName=UiAutomator1'
2020-01-19 06:37:34:864 [Appium] 
2020-01-19 06:37:34:864 [Appium]   If you wish to use that automation instead of UiAutomator2, please 
2020-01-19 06:37:34:864 [Appium]   add 'automationName=UiAutomator1' to your desired capabilities
2020-01-19 06:37:34:864 [Appium] 
2020-01-19 06:37:34:865 [Appium]   For more information about drivers, please visit 
2020-01-19 06:37:34:865 [Appium]   http://appium.io/docs/en/about-appium/intro/ and explore the 
2020-01-19 06:37:34:865 [Appium]   'Drivers' menu
2020-01-19 06:37:34:865 [Appium] 
2020-01-19 06:37:34:865 [Appium] ======================================================================
2020-01-19 06:37:34:865 [Appium] 
2020-01-19 06:37:34:866 [Appium] Appium v1.16.0 creating new AndroidUiautomator2Driver (v1.40.0) session
2020-01-19 06:37:34:867 [BaseDriver] W3C capabilities and MJSONWP desired capabilities were provided
2020-01-19 06:37:34:867 [BaseDriver] Creating session with W3C capabilities: {
2020-01-19 06:37:34:867 [BaseDriver]   "alwaysMatch": {
2020-01-19 06:37:34:867 [BaseDriver]     "platformName": "Android",
2020-01-19 06:37:34:867 [BaseDriver]     "appium:udid": "GDBNW19927003994",
2020-01-19 06:37:34:868 [BaseDriver]     "appium:app": "/Users/qing.li/Downloads/MJWeatherBox-prod-release.apk",
2020-01-19 06:37:34:868 [BaseDriver]     "appium:noReset": true,
2020-01-19 06:37:34:868 [BaseDriver]     "appium:deviceName": "R58MB0Z4WCX",
2020-01-19 06:37:34:868 [BaseDriver]     "appium:appActivity": "com.moji.mjweather.MainActivity",
2020-01-19 06:37:34:868 [BaseDriver]     "appium:resetKeyboard": true
2020-01-19 06:37:34:868 [BaseDriver]   },
2020-01-19 06:37:34:869 [BaseDriver]   "firstMatch": [
2020-01-19 06:37:34:869 [BaseDriver]     {}
2020-01-19 06:37:34:869 [BaseDriver]   ]
2020-01-19 06:37:34:869 [BaseDriver] }
2020-01-19 06:37:34:873 [BaseDriver] Session created with session id: 5a8d0d96-468a-4c8e-a623-b46f427d29d8
2020-01-19 06:37:34:873 [BaseDriver] Using local app '/Users/qing.li/Downloads/MJWeatherBox-prod-release.apk'
2020-01-19 06:37:34:874 [UiAutomator2] Checking whether app is actually present
2020-01-19 06:37:34:875 [ADB] The ANDROID_HOME environment variable is not set to the Android SDK root directory path. ANDROID_HOME is required for compatibility with SDK 23+. Checking along PATH for adb.
2020-01-19 06:37:34:876 [ADB] Using 'adb' from '/Users/qing.li/Library/Android/sdk/platform-tools/adb'
2020-01-19 06:37:34:876 [AndroidDriver] Retrieving device list
2020-01-19 06:37:34:877 [ADB] Trying to find a connected android device
2020-01-19 06:37:34:877 [ADB] Getting connected devices...
2020-01-19 06:37:34:885 [ADB] Connected devices: [{"udid":"R58MB0Z4WCX","state":"device"}]
2020-01-19 06:37:34:885 [AndroidDriver] Device GDBNW19927003994 was not in the list of connected devices
2020-01-19 06:37:34:885 [UiAutomator2] Deleting UiAutomator2 session
2020-01-19 06:37:34:886 [BaseDriver] Event 'newSessionStarted' logged at 1579415854886 (14:37:34 GMT+0800 (GMT+08:00))
2020-01-19 06:37:34:887 [W3C] Encountered internal error running command: Error: Device GDBNW19927003994 was not in the list of connected devices
2020-01-19 06:37:34:887 [W3C]     at Object.errorAndThrow (/usr/local/lib/node_modules/appium/node_modules/appium-support/lib/logging.js:74:35)
2020-01-19 06:37:34:887 [W3C]     at Object.getDeviceInfoFromCaps (/usr/local/lib/node_modules/appium/node_modules/appium-android-driver/lib/android-helpers.js:200:16)
2020-01-19 06:37:34:887 [W3C]     at AndroidUiautomator2Driver.startUiAutomator2Session (/usr/local/lib/node_modules/appium/node_modules/appium-uiautomator2-driver/lib/driver.js:286:26)
2020-01-19 06:37:34:887 [W3C]     at AndroidUiautomator2Driver.createSession (/usr/local/lib/node_modules/appium/node_modules/appium-uiautomator2-driver/lib/driver.js:208:7)
2020-01-19 06:37:34:887 [W3C]     at AppiumDriver.createSession (/usr/local/lib/node_modules/appium/lib/appium.js:358:35)
2020-01-19 06:37:34:889 [HTTP] <-- POST /wd/hub/session 500 31 ms - 625
2020-01-19 06:37:34:889 [HTTP] 
2020-01-19 06:38:25:940 [HTTP] --> POST /wd/hub/session
2020-01-19 06:38:25:941 [HTTP] {"capabilities":{"firstMatch":[{"platformName":"Android","appium:app":"/Users/qing.li/Downloads/MJWeatherBox-prod-release.apk","appium:noReset":true,"appium:deviceName":"R58MB0Z4WCX","appium:appActivity":"com.moji.mjweather.MainActivity","appium:resetKeyboard":true}]},"desiredCapabilities":{"platformName":"Android","app":"/Users/qing.li/Downloads/MJWeatherBox-prod-release.apk","noReset":true,"deviceName":"R58MB0Z4WCX","appActivity":"com.moji.mjweather.MainActivity","resetKeyboard":true}}
2020-01-19 06:38:25:944 [W3C] Calling AppiumDriver.createSession() with args: [{"platformName":"Android","app":"/Users/qing.li/Downloads/MJWeatherBox-prod-release.apk","noReset":true,"deviceName":"R58MB0Z4WCX","appActivity":"com.moji.mjweather.MainActivity","resetKeyboard":true},null,{"firstMatch":[{"platformName":"Android","appium:app":"/Users/qing.li/Downloads/MJWeatherBox-prod-release.apk","appium:noReset":true,"appium:deviceName":"R58MB0Z4WCX","appium:appActivity":"com.moji.mjweather.MainActivity","appium:resetKeyboard":true}]}]
2020-01-19 06:38:25:945 [BaseDriver] Event 'newSessionRequested' logged at 1579415905945 (14:38:25 GMT+0800 (GMT+08:00))
2020-01-19 06:38:25:945 [BaseDriver] The capabilities ["udid"] are not standard capabilities and should have an extension prefix
2020-01-19 06:38:25:949 [Appium] 
2020-01-19 06:38:25:949 [Appium] ======================================================================
2020-01-19 06:38:25:949 [Appium]   DEPRECATION WARNING:
2020-01-19 06:38:25:949 [Appium] 
2020-01-19 06:38:25:950 [Appium]   The 'automationName' capability was not provided in the desired 
2020-01-19 06:38:25:950 [Appium]   capabilities for this Android session
2020-01-19 06:38:25:950 [Appium] 
2020-01-19 06:38:25:950 [Appium]   Setting 'automationName=UiAutomator2' by default and using the 
2020-01-19 06:38:25:950 [Appium]   UiAutomator2 Driver
2020-01-19 06:38:25:950 [Appium] 
2020-01-19 06:38:25:951 [Appium]   The next major version of Appium (2.x) will **require** the 
2020-01-19 06:38:25:951 [Appium]   'automationName' capability to be set for all sessions on all 
2020-01-19 06:38:25:951 [Appium]   platforms
2020-01-19 06:38:25:951 [Appium] 
2020-01-19 06:38:25:951 [Appium]   In previous versions (Appium <= 1.13.x), the default was 
2020-01-19 06:38:25:951 [Appium]   'automationName=UiAutomator1'
2020-01-19 06:38:25:952 [Appium] 
2020-01-19 06:38:25:952 [Appium]   If you wish to use that automation instead of UiAutomator2, please 
2020-01-19 06:38:25:952 [Appium]   add 'automationName=UiAutomator1' to your desired capabilities
2020-01-19 06:38:25:953 [Appium] 
2020-01-19 06:38:25:953 [Appium]   For more information about drivers, please visit 
2020-01-19 06:38:25:953 [Appium]   http://appium.io/docs/en/about-appium/intro/ and explore the 
2020-01-19 06:38:25:953 [Appium]   'Drivers' menu
2020-01-19 06:38:25:953 [Appium] 
2020-01-19 06:38:25:956 [Appium] ======================================================================
2020-01-19 06:38:25:956 [Appium] 
2020-01-19 06:38:25:957 [Appium] Appium v1.16.0 creating new AndroidUiautomator2Driver (v1.40.0) session
2020-01-19 06:38:25:958 [BaseDriver] W3C capabilities and MJSONWP desired capabilities were provided
2020-01-19 06:38:25:959 [BaseDriver] Creating session with W3C capabilities: {
2020-01-19 06:38:25:959 [BaseDriver]   "alwaysMatch": {
2020-01-19 06:38:25:959 [BaseDriver]     "platformName": "Android",
2020-01-19 06:38:25:959 [BaseDriver]     "appium:udid": "GDBNW19927003994",
2020-01-19 06:38:25:959 [BaseDriver]     "appium:app": "/Users/qing.li/Downloads/MJWeatherBox-prod-release.apk",
2020-01-19 06:38:25:959 [BaseDriver]     "appium:noReset": true,
2020-01-19 06:38:25:960 [BaseDriver]     "appium:deviceName": "R58MB0Z4WCX",
2020-01-19 06:38:25:960 [BaseDriver]     "appium:appActivity": "com.moji.mjweather.MainActivity",
2020-01-19 06:38:25:960 [BaseDriver]     "appium:resetKeyboard": true
2020-01-19 06:38:25:960 [BaseDriver]   },
2020-01-19 06:38:25:960 [BaseDriver]   "firstMatch": [
2020-01-19 06:38:25:960 [BaseDriver]     {}
2020-01-19 06:38:25:961 [BaseDriver]   ]
2020-01-19 06:38:25:961 [BaseDriver] }
2020-01-19 06:38:25:966 [BaseDriver] Session created with session id: 8337a87d-cc25-4602-856a-34197d0c56c5
2020-01-19 06:38:25:968 [BaseDriver] Using local app '/Users/qing.li/Downloads/MJWeatherBox-prod-release.apk'
2020-01-19 06:38:25:968 [UiAutomator2] Checking whether app is actually present
2020-01-19 06:38:25:969 [ADB] The ANDROID_HOME environment variable is not set to the Android SDK root directory path. ANDROID_HOME is required for compatibility with SDK 23+. Checking along PATH for adb.
2020-01-19 06:38:25:972 [ADB] Using 'adb' from '/Users/qing.li/Library/Android/sdk/platform-tools/adb'
2020-01-19 06:38:25:974 [AndroidDriver] Retrieving device list
2020-01-19 06:38:25:974 [ADB] Trying to find a connected android device
2020-01-19 06:38:25:975 [ADB] Getting connected devices...
2020-01-19 06:38:25:987 [ADB] Connected devices: [{"udid":"R58MB0Z4WCX","state":"device"}]
2020-01-19 06:38:25:988 [AndroidDriver] Device GDBNW19927003994 was not in the list of connected devices
2020-01-19 06:38:25:988 [UiAutomator2] Deleting UiAutomator2 session
2020-01-19 06:38:25:989 [BaseDriver] Event 'newSessionStarted' logged at 1579415905989 (14:38:25 GMT+0800 (GMT+08:00))
2020-01-19 06:38:25:990 [W3C] Encountered internal error running command: Error: Device GDBNW19927003994 was not in the list of connected devices
2020-01-19 06:38:25:990 [W3C]     at Object.errorAndThrow (/usr/local/lib/node_modules/appium/node_modules/appium-support/lib/logging.js:74:35)
2020-01-19 06:38:25:990 [W3C]     at Object.getDeviceInfoFromCaps (/usr/local/lib/node_modules/appium/node_modules/appium-android-driver/lib/android-helpers.js:200:16)
2020-01-19 06:38:25:991 [W3C]     at AndroidUiautomator2Driver.startUiAutomator2Session (/usr/local/lib/node_modules/appium/node_modules/appium-uiautomator2-driver/lib/driver.js:286:26)
2020-01-19 06:38:25:991 [W3C]     at AndroidUiautomator2Driver.createSession (/usr/local/lib/node_modules/appium/node_modules/appium-uiautomator2-driver/lib/driver.js:208:7)
2020-01-19 06:38:25:991 [W3C]     at AppiumDriver.createSession (/usr/local/lib/node_modules/appium/lib/appium.js:358:35)
2020-01-19 06:38:25:992 [HTTP] <-- POST /wd/hub/session 500 52 ms - 625
2020-01-19 06:38:25:994 [HTTP] 
2020-01-19 06:39:16:232 [HTTP] --> POST /wd/hub/session
2020-01-19 06:39:16:233 [HTTP] {"capabilities":{"firstMatch":[{"platformName":"Android","appium:app":"/Users/qing.li/Downloads/MJWeatherBox-prod-release.apk","appium:noReset":true,"appium:deviceName":"R58MB0Z4WCX","appium:appActivity":"com.moji.mjweather.MainActivity","appium:resetKeyboard":true}]},"desiredCapabilities":{"platformName":"Android","app":"/Users/qing.li/Downloads/MJWeatherBox-prod-release.apk","noReset":true,"deviceName":"R58MB0Z4WCX","appActivity":"com.moji.mjweather.MainActivity","resetKeyboard":true}}
2020-01-19 06:39:16:233 [W3C] Calling AppiumDriver.createSession() with args: [{"platformName":"Android","app":"/Users/qing.li/Downloads/MJWeatherBox-prod-release.apk","noReset":true,"deviceName":"R58MB0Z4WCX","appActivity":"com.moji.mjweather.MainActivity","resetKeyboard":true},null,{"firstMatch":[{"platformName":"Android","appium:app":"/Users/qing.li/Downloads/MJWeatherBox-prod-release.apk","appium:noReset":true,"appium:deviceName":"R58MB0Z4WCX","appium:appActivity":"com.moji.mjweather.MainActivity","appium:resetKeyboard":true}]}]
2020-01-19 06:39:16:233 [BaseDriver] Event 'newSessionRequested' logged at 1579415956233 (14:39:16 GMT+0800 (GMT+08:00))
2020-01-19 06:39:16:234 [BaseDriver] The capabilities ["udid"] are not standard capabilities and should have an extension prefix
2020-01-19 06:39:16:235 [Appium] 
2020-01-19 06:39:16:235 [Appium] ======================================================================
2020-01-19 06:39:16:235 [Appium]   DEPRECATION WARNING:
2020-01-19 06:39:16:235 [Appium] 
2020-01-19 06:39:16:235 [Appium]   The 'automationName' capability was not provided in the desired 
2020-01-19 06:39:16:235 [Appium]   capabilities for this Android session
2020-01-19 06:39:16:236 [Appium] 
2020-01-19 06:39:16:236 [Appium]   Setting 'automationName=UiAutomator2' by default and using the 
2020-01-19 06:39:16:236 [Appium]   UiAutomator2 Driver
2020-01-19 06:39:16:236 [Appium] 
2020-01-19 06:39:16:236 [Appium]   The next major version of Appium (2.x) will **require** the 
2020-01-19 06:39:16:236 [Appium]   'automationName' capability to be set for all sessions on all 
2020-01-19 06:39:16:236 [Appium]   platforms
2020-01-19 06:39:16:237 [Appium] 
2020-01-19 06:39:16:237 [Appium]   In previous versions (Appium <= 1.13.x), the default was 
2020-01-19 06:39:16:237 [Appium]   'automationName=UiAutomator1'
2020-01-19 06:39:16:237 [Appium] 
2020-01-19 06:39:16:237 [Appium]   If you wish to use that automation instead of UiAutomator2, please 
2020-01-19 06:39:16:237 [Appium]   add 'automationName=UiAutomator1' to your desired capabilities
2020-01-19 06:39:16:238 [Appium] 
2020-01-19 06:39:16:238 [Appium]   For more information about drivers, please visit 
2020-01-19 06:39:16:238 [Appium]   http://appium.io/docs/en/about-appium/intro/ and explore the 
2020-01-19 06:39:16:238 [Appium]   'Drivers' menu
2020-01-19 06:39:16:238 [Appium] 
2020-01-19 06:39:16:238 [Appium] ======================================================================
2020-01-19 06:39:16:238 [Appium] 
2020-01-19 06:39:16:239 [Appium] Appium v1.16.0 creating new AndroidUiautomator2Driver (v1.40.0) session
2020-01-19 06:39:16:239 [BaseDriver] W3C capabilities and MJSONWP desired capabilities were provided
2020-01-19 06:39:16:240 [BaseDriver] Creating session with W3C capabilities: {
2020-01-19 06:39:16:240 [BaseDriver]   "alwaysMatch": {
2020-01-19 06:39:16:240 [BaseDriver]     "platformName": "Android",
2020-01-19 06:39:16:240 [BaseDriver]     "appium:udid": "GDBNW19927003994",
2020-01-19 06:39:16:240 [BaseDriver]     "appium:app": "/Users/qing.li/Downloads/MJWeatherBox-prod-release.apk",
2020-01-19 06:39:16:240 [BaseDriver]     "appium:noReset": true,
2020-01-19 06:39:16:241 [BaseDriver]     "appium:deviceName": "R58MB0Z4WCX",
2020-01-19 06:39:16:241 [BaseDriver]     "appium:appActivity": "com.moji.mjweather.MainActivity",
2020-01-19 06:39:16:241 [BaseDriver]     "appium:resetKeyboard": true
2020-01-19 06:39:16:241 [BaseDriver]   },
2020-01-19 06:39:16:241 [BaseDriver]   "firstMatch": [
2020-01-19 06:39:16:241 [BaseDriver]     {}
2020-01-19 06:39:16:241 [BaseDriver]   ]
2020-01-19 06:39:16:242 [BaseDriver] }
2020-01-19 06:39:16:245 [BaseDriver] Session created with session id: 65f85fe1-ab2b-47e8-afff-e3f7ef43d1fe
2020-01-19 06:39:16:246 [BaseDriver] Using local app '/Users/qing.li/Downloads/MJWeatherBox-prod-release.apk'
2020-01-19 06:39:16:246 [UiAutomator2] Checking whether app is actually present
2020-01-19 06:39:16:247 [ADB] The ANDROID_HOME environment variable is not set to the Android SDK root directory path. ANDROID_HOME is required for compatibility with SDK 23+. Checking along PATH for adb.
2020-01-19 06:39:16:248 [ADB] Using 'adb' from '/Users/qing.li/Library/Android/sdk/platform-tools/adb'
2020-01-19 06:39:16:248 [AndroidDriver] Retrieving device list
2020-01-19 06:39:16:248 [ADB] Trying to find a connected android device
2020-01-19 06:39:16:249 [ADB] Getting connected devices...
2020-01-19 06:39:16:260 [ADB] Connected devices: [{"udid":"R58MB0Z4WCX","state":"device"}]
2020-01-19 06:39:16:260 [AndroidDriver] Device GDBNW19927003994 was not in the list of connected devices
2020-01-19 06:39:16:260 [UiAutomator2] Deleting UiAutomator2 session
2020-01-19 06:39:16:261 [BaseDriver] Event 'newSessionStarted' logged at 1579415956261 (14:39:16 GMT+0800 (GMT+08:00))
2020-01-19 06:39:16:262 [W3C] Encountered internal error running command: Error: Device GDBNW19927003994 was not in the list of connected devices
2020-01-19 06:39:16:262 [W3C]     at Object.errorAndThrow (/usr/local/lib/node_modules/appium/node_modules/appium-support/lib/logging.js:74:35)
2020-01-19 06:39:16:262 [W3C]     at Object.getDeviceInfoFromCaps (/usr/local/lib/node_modules/appium/node_modules/appium-android-driver/lib/android-helpers.js:200:16)
2020-01-19 06:39:16:263 [W3C]     at AndroidUiautomator2Driver.startUiAutomator2Session (/usr/local/lib/node_modules/appium/node_modules/appium-uiautomator2-driver/lib/driver.js:286:26)
2020-01-19 06:39:16:264 [W3C]     at AndroidUiautomator2Driver.createSession (/usr/local/lib/node_modules/appium/node_modules/appium-uiautomator2-driver/lib/driver.js:208:7)
2020-01-19 06:39:16:264 [W3C]     at AppiumDriver.createSession (/usr/local/lib/node_modules/appium/lib/appium.js:358:35)
2020-01-19 06:39:16:265 [HTTP] <-- POST /wd/hub/session 500 33 ms - 625
2020-01-19 06:39:16:265 [HTTP] 
2020-01-19 06:45:21:193 [HTTP] --> POST /wd/hub/session
2020-01-19 06:45:21:193 [HTTP] {"capabilities":{"firstMatch":[{"platformName":"Android","appium:app":"/Users/qing.li/Downloads/MJWeatherBox-prod-release.apk","appium:noReset":true,"appium:deviceName":"R58MB0Z4WCX","appium:appActivity":"com.moji.mjweather.MainActivity","appium:resetKeyboard":true}]},"desiredCapabilities":{"platformName":"Android","app":"/Users/qing.li/Downloads/MJWeatherBox-prod-release.apk","noReset":true,"deviceName":"R58MB0Z4WCX","appActivity":"com.moji.mjweather.MainActivity","resetKeyboard":true}}
2020-01-19 06:45:21:194 [W3C] Calling AppiumDriver.createSession() with args: [{"platformName":"Android","app":"/Users/qing.li/Downloads/MJWeatherBox-prod-release.apk","noReset":true,"deviceName":"R58MB0Z4WCX","appActivity":"com.moji.mjweather.MainActivity","resetKeyboard":true},null,{"firstMatch":[{"platformName":"Android","appium:app":"/Users/qing.li/Downloads/MJWeatherBox-prod-release.apk","appium:noReset":true,"appium:deviceName":"R58MB0Z4WCX","appium:appActivity":"com.moji.mjweather.MainActivity","appium:resetKeyboard":true}]}]
2020-01-19 06:45:21:194 [BaseDriver] Event 'newSessionRequested' logged at 1579416321194 (14:45:21 GMT+0800 (GMT+08:00))
2020-01-19 06:45:21:195 [BaseDriver] The capabilities ["udid"] are not standard capabilities and should have an extension prefix
2020-01-19 06:45:21:196 [Appium] 
2020-01-19 06:45:21:196 [Appium] ======================================================================
2020-01-19 06:45:21:196 [Appium]   DEPRECATION WARNING:
2020-01-19 06:45:21:197 [Appium] 
2020-01-19 06:45:21:198 [Appium]   The 'automationName' capability was not provided in the desired 
2020-01-19 06:45:21:199 [Appium]   capabilities for this Android session
2020-01-19 06:45:21:199 [Appium] 
2020-01-19 06:45:21:199 [Appium]   Setting 'automationName=UiAutomator2' by default and using the 
2020-01-19 06:45:21:199 [Appium]   UiAutomator2 Driver
2020-01-19 06:45:21:200 [Appium] 
2020-01-19 06:45:21:200 [Appium]   The next major version of Appium (2.x) will **require** the 
2020-01-19 06:45:21:200 [Appium]   'automationName' capability to be set for all sessions on all 
2020-01-19 06:45:21:200 [Appium]   platforms
2020-01-19 06:45:21:201 [Appium] 
2020-01-19 06:45:21:201 [Appium]   In previous versions (Appium <= 1.13.x), the default was 
2020-01-19 06:45:21:201 [Appium]   'automationName=UiAutomator1'
2020-01-19 06:45:21:201 [Appium] 
2020-01-19 06:45:21:202 [Appium]   If you wish to use that automation instead of UiAutomator2, please 
2020-01-19 06:45:21:202 [Appium]   add 'automationName=UiAutomator1' to your desired capabilities
2020-01-19 06:45:21:202 [Appium] 
2020-01-19 06:45:21:202 [Appium]   For more information about drivers, please visit 
2020-01-19 06:45:21:202 [Appium]   http://appium.io/docs/en/about-appium/intro/ and explore the 
2020-01-19 06:45:21:203 [Appium]   'Drivers' menu
2020-01-19 06:45:21:203 [Appium] 
2020-01-19 06:45:21:203 [Appium] ======================================================================
2020-01-19 06:45:21:203 [Appium] 
2020-01-19 06:45:21:203 [Appium] Appium v1.16.0 creating new AndroidUiautomator2Driver (v1.40.0) session
2020-01-19 06:45:21:204 [BaseDriver] W3C capabilities and MJSONWP desired capabilities were provided
2020-01-19 06:45:21:205 [BaseDriver] Creating session with W3C capabilities: {
2020-01-19 06:45:21:206 [BaseDriver]   "alwaysMatch": {
2020-01-19 06:45:21:207 [BaseDriver]     "platformName": "Android",
2020-01-19 06:45:21:207 [BaseDriver]     "appium:udid": "GDBNW19927003994",
2020-01-19 06:45:21:208 [BaseDriver]     "appium:app": "/Users/qing.li/Downloads/MJWeatherBox-prod-release.apk",
2020-01-19 06:45:21:208 [BaseDriver]     "appium:noReset": true,
2020-01-19 06:45:21:208 [BaseDriver]     "appium:deviceName": "R58MB0Z4WCX",
2020-01-19 06:45:21:208 [BaseDriver]     "appium:appActivity": "com.moji.mjweather.MainActivity",
2020-01-19 06:45:21:209 [BaseDriver]     "appium:resetKeyboard": true
2020-01-19 06:45:21:209 [BaseDriver]   },
2020-01-19 06:45:21:209 [BaseDriver]   "firstMatch": [
2020-01-19 06:45:21:209 [BaseDriver]     {}
2020-01-19 06:45:21:209 [BaseDriver]   ]
2020-01-19 06:45:21:211 [BaseDriver] }
2020-01-19 06:45:21:219 [BaseDriver] Session created with session id: bdf573c6-2616-4e85-a5a6-e2f3fd7b1fe3
2020-01-19 06:45:21:220 [BaseDriver] Using local app '/Users/qing.li/Downloads/MJWeatherBox-prod-release.apk'
2020-01-19 06:45:21:222 [UiAutomator2] Checking whether app is actually present
2020-01-19 06:45:21:224 [ADB] The ANDROID_HOME environment variable is not set to the Android SDK root directory path. ANDROID_HOME is required for compatibility with SDK 23+. Checking along PATH for adb.
2020-01-19 06:45:21:226 [ADB] Using 'adb' from '/Users/qing.li/Library/Android/sdk/platform-tools/adb'
2020-01-19 06:45:21:226 [AndroidDriver] Retrieving device list
2020-01-19 06:45:21:227 [ADB] Trying to find a connected android device
2020-01-19 06:45:21:227 [ADB] Getting connected devices...
2020-01-19 06:45:21:240 [ADB] Connected devices: [{"udid":"R58MB0Z4WCX","state":"device"}]
2020-01-19 06:45:21:241 [AndroidDriver] Device GDBNW19927003994 was not in the list of connected devices
2020-01-19 06:45:21:241 [UiAutomator2] Deleting UiAutomator2 session
2020-01-19 06:45:21:242 [BaseDriver] Event 'newSessionStarted' logged at 1579416321242 (14:45:21 GMT+0800 (GMT+08:00))
2020-01-19 06:45:21:244 [W3C] Encountered internal error running command: Error: Device GDBNW19927003994 was not in the list of connected devices
2020-01-19 06:45:21:244 [W3C]     at Object.errorAndThrow (/usr/local/lib/node_modules/appium/node_modules/appium-support/lib/logging.js:74:35)
2020-01-19 06:45:21:244 [W3C]     at Object.getDeviceInfoFromCaps (/usr/local/lib/node_modules/appium/node_modules/appium-android-driver/lib/android-helpers.js:200:16)
2020-01-19 06:45:21:244 [W3C]     at AndroidUiautomator2Driver.startUiAutomator2Session (/usr/local/lib/node_modules/appium/node_modules/appium-uiautomator2-driver/lib/driver.js:286:26)
2020-01-19 06:45:21:245 [W3C]     at AndroidUiautomator2Driver.createSession (/usr/local/lib/node_modules/appium/node_modules/appium-uiautomator2-driver/lib/driver.js:208:7)
2020-01-19 06:45:21:245 [W3C]     at AppiumDriver.createSession (/usr/local/lib/node_modules/appium/lib/appium.js:358:35)
2020-01-19 06:45:21:249 [HTTP] <-- POST /wd/hub/session 500 56 ms - 625
2020-01-19 06:45:21:250 [HTTP] 
2020-01-19 06:47:34:799 [HTTP] --> POST /wd/hub/session
2020-01-19 06:47:34:800 [HTTP] {"capabilities":{"firstMatch":[{"platformName":"Android","appium:app":"/Users/qing.li/Downloads/MJWeatherBox-prod-release.apk","appium:noReset":true,"appium:deviceName":"R58MB0Z4WCX","appium:appActivity":"com.moji.mjweather.MainActivity","appium:resetKeyboard":true}]},"desiredCapabilities":{"platformName":"Android","app":"/Users/qing.li/Downloads/MJWeatherBox-prod-release.apk","noReset":true,"deviceName":"R58MB0Z4WCX","appActivity":"com.moji.mjweather.MainActivity","resetKeyboard":true}}
2020-01-19 06:47:34:801 [W3C] Calling AppiumDriver.createSession() with args: [{"platformName":"Android","app":"/Users/qing.li/Downloads/MJWeatherBox-prod-release.apk","noReset":true,"deviceName":"R58MB0Z4WCX","appActivity":"com.moji.mjweather.MainActivity","resetKeyboard":true},null,{"firstMatch":[{"platformName":"Android","appium:app":"/Users/qing.li/Downloads/MJWeatherBox-prod-release.apk","appium:noReset":true,"appium:deviceName":"R58MB0Z4WCX","appium:appActivity":"com.moji.mjweather.MainActivity","appium:resetKeyboard":true}]}]
2020-01-19 06:47:34:801 [BaseDriver] Event 'newSessionRequested' logged at 1579416454801 (14:47:34 GMT+0800 (GMT+08:00))
2020-01-19 06:47:34:802 [BaseDriver] The capabilities ["udid"] are not standard capabilities and should have an extension prefix
2020-01-19 06:47:34:806 [Appium] 
2020-01-19 06:47:34:809 [Appium] ======================================================================
2020-01-19 06:47:34:811 [Appium]   DEPRECATION WARNING:
2020-01-19 06:47:34:812 [Appium] 
2020-01-19 06:47:34:813 [Appium]   The 'automationName' capability was not provided in the desired 
2020-01-19 06:47:34:813 [Appium]   capabilities for this Android session
2020-01-19 06:47:34:815 [Appium] 
2020-01-19 06:47:34:815 [Appium]   Setting 'automationName=UiAutomator2' by default and using the 
2020-01-19 06:47:34:816 [Appium]   UiAutomator2 Driver
2020-01-19 06:47:34:818 [Appium] 
2020-01-19 06:47:34:818 [Appium]   The next major version of Appium (2.x) will **require** the 
2020-01-19 06:47:34:818 [Appium]   'automationName' capability to be set for all sessions on all 
2020-01-19 06:47:34:819 [Appium]   platforms
2020-01-19 06:47:34:819 [Appium] 
2020-01-19 06:47:34:819 [Appium]   In previous versions (Appium <= 1.13.x), the default was 
2020-01-19 06:47:34:819 [Appium]   'automationName=UiAutomator1'
2020-01-19 06:47:34:820 [Appium] 
2020-01-19 06:47:34:820 [Appium]   If you wish to use that automation instead of UiAutomator2, please 
2020-01-19 06:47:34:820 [Appium]   add 'automationName=UiAutomator1' to your desired capabilities
2020-01-19 06:47:34:820 [Appium] 
2020-01-19 06:47:34:821 [Appium]   For more information about drivers, please visit 
2020-01-19 06:47:34:824 [Appium]   http://appium.io/docs/en/about-appium/intro/ and explore the 
2020-01-19 06:47:34:826 [Appium]   'Drivers' menu
2020-01-19 06:47:34:826 [Appium] 
2020-01-19 06:47:34:827 [Appium] ======================================================================
2020-01-19 06:47:34:827 [Appium] 
2020-01-19 06:47:34:828 [Appium] Appium v1.16.0 creating new AndroidUiautomator2Driver (v1.40.0) session
2020-01-19 06:47:34:831 [BaseDriver] W3C capabilities and MJSONWP desired capabilities were provided
2020-01-19 06:47:34:831 [BaseDriver] Creating session with W3C capabilities: {
2020-01-19 06:47:34:831 [BaseDriver]   "alwaysMatch": {
2020-01-19 06:47:34:832 [BaseDriver]     "platformName": "Android",
2020-01-19 06:47:34:832 [BaseDriver]     "appium:udid": "GDBNW19927003994",
2020-01-19 06:47:34:832 [BaseDriver]     "appium:app": "/Users/qing.li/Downloads/MJWeatherBox-prod-release.apk",
2020-01-19 06:47:34:832 [BaseDriver]     "appium:noReset": true,
2020-01-19 06:47:34:834 [BaseDriver]     "appium:deviceName": "R58MB0Z4WCX",
2020-01-19 06:47:34:834 [BaseDriver]     "appium:appActivity": "com.moji.mjweather.MainActivity",
2020-01-19 06:47:34:835 [BaseDriver]     "appium:resetKeyboard": true
2020-01-19 06:47:34:835 [BaseDriver]   },
2020-01-19 06:47:34:835 [BaseDriver]   "firstMatch": [
2020-01-19 06:47:34:835 [BaseDriver]     {}
2020-01-19 06:47:34:836 [BaseDriver]   ]
2020-01-19 06:47:34:836 [BaseDriver] }
2020-01-19 06:47:34:842 [BaseDriver] Session created with session id: 47c904a1-183f-4c4e-9e6b-bac8ccf4da10
2020-01-19 06:47:34:847 [BaseDriver] Using local app '/Users/qing.li/Downloads/MJWeatherBox-prod-release.apk'
2020-01-19 06:47:34:848 [UiAutomator2] Checking whether app is actually present
2020-01-19 06:47:34:851 [ADB] The ANDROID_HOME environment variable is not set to the Android SDK root directory path. ANDROID_HOME is required for compatibility with SDK 23+. Checking along PATH for adb.
2020-01-19 06:47:34:854 [ADB] Using 'adb' from '/Users/qing.li/Library/Android/sdk/platform-tools/adb'
2020-01-19 06:47:34:856 [AndroidDriver] Retrieving device list
2020-01-19 06:47:34:857 [ADB] Trying to find a connected android device
2020-01-19 06:47:34:857 [ADB] Getting connected devices...
2020-01-19 06:47:34:883 [ADB] Connected devices: [{"udid":"R58MB0Z4WCX","state":"device"}]
2020-01-19 06:47:34:884 [AndroidDriver] Device GDBNW19927003994 was not in the list of connected devices
2020-01-19 06:47:34:884 [UiAutomator2] Deleting UiAutomator2 session
2020-01-19 06:47:34:885 [BaseDriver] Event 'newSessionStarted' logged at 1579416454885 (14:47:34 GMT+0800 (GMT+08:00))
2020-01-19 06:47:34:887 [W3C] Encountered internal error running command: Error: Device GDBNW19927003994 was not in the list of connected devices
2020-01-19 06:47:34:890 [W3C]     at Object.errorAndThrow (/usr/local/lib/node_modules/appium/node_modules/appium-support/lib/logging.js:74:35)
2020-01-19 06:47:34:891 [W3C]     at Object.getDeviceInfoFromCaps (/usr/local/lib/node_modules/appium/node_modules/appium-android-driver/lib/android-helpers.js:200:16)
2020-01-19 06:47:34:891 [W3C]     at AndroidUiautomator2Driver.startUiAutomator2Session (/usr/local/lib/node_modules/appium/node_modules/appium-uiautomator2-driver/lib/driver.js:286:26)
2020-01-19 06:47:34:892 [W3C]     at AndroidUiautomator2Driver.createSession (/usr/local/lib/node_modules/appium/node_modules/appium-uiautomator2-driver/lib/driver.js:208:7)
2020-01-19 06:47:34:892 [W3C]     at AppiumDriver.createSession (/usr/local/lib/node_modules/appium/lib/appium.js:358:35)
2020-01-19 06:47:34:898 [HTTP] <-- POST /wd/hub/session 500 94 ms - 625
2020-01-19 06:47:34:902 [HTTP] 
2020-01-19 06:49:05:685 [Appium] Received SIGTERM - shutting down
