2020-01-21 10:02:17:152 [Appium] Welcome to Appium v1.16.0
2020-01-21 10:02:17:154 [Appium] Non-default server args:
2020-01-21 10:02:17:155 [Appium]   port: 4701
2020-01-21 10:02:17:155 [Appium]   bootstrapPort: 4900
2020-01-21 10:02:17:156 [Appium]   sessionOverride: true
2020-01-21 10:02:17:156 [Appium]   logFile: appium.log
2020-01-21 10:02:17:157 [Appium]   udid: GDBNW19927003994
2020-01-21 10:02:17:157 [Appium]   noReset: true
2020-01-21 10:02:17:158 [Appium] Deprecated server args:
2020-01-21 10:02:17:159 [Appium]   -U,--udid => --default-capabilities '{"udid":"GDBNW19927003994"}'
2020-01-21 10:02:17:159 [Appium]   --no-reset => --default-capabilities '{"noReset":true}'
2020-01-21 10:02:17:160 [Appium] Default capabilities, which will be added to each request unless overridden by desired capabilities:
2020-01-21 10:02:17:160 [Appium]   udid: GDBNW19927003994
2020-01-21 10:02:17:160 [Appium]   noReset: true
2020-01-21 10:02:17:206 [Appium] Appium REST http interface listener started on 0.0.0.0:4701
2020-01-21 10:02:20:617 [HTTP] --> POST /wd/hub/session
2020-01-21 10:02:20:617 [HTTP] {"capabilities":{"firstMatch":[{"platformName":"Android","appium:app":"/Users/qing.li/Downloads/moji.apk","appium:noReset":true,"appium:deviceName":"GDBNW19927003994","appium:appActivity":"com.moji.mjweather.MainActivity","appium:resetKeyboard":true}]},"desiredCapabilities":{"platformName":"Android","app":"/Users/qing.li/Downloads/moji.apk","noReset":true,"deviceName":"GDBNW19927003994","appActivity":"com.moji.mjweather.MainActivity","resetKeyboard":true}}
2020-01-21 10:02:20:619 [W3C] Calling AppiumDriver.createSession() with args: [{"platformName":"Android","app":"/Users/qing.li/Downloads/moji.apk","noReset":true,"deviceName":"GDBNW19927003994","appActivity":"com.moji.mjweather.MainActivity","resetKeyboard":true},null,{"firstMatch":[{"platformName":"Android","appium:app":"/Users/qing.li/Downloads/moji.apk","appium:noReset":true,"appium:deviceName":"GDBNW19927003994","appium:appActivity":"com.moji.mjweather.MainActivity","appium:resetKeyboard":true}]}]
2020-01-21 10:02:20:620 [BaseDriver] Event 'newSessionRequested' logged at 1579600940619 (18:02:20 GMT+0800 (GMT+08:00))
2020-01-21 10:02:20:623 [BaseDriver] The capabilities ["udid"] are not standard capabilities and should have an extension prefix
2020-01-21 10:02:20:626 [Appium] 
2020-01-21 10:02:20:626 [Appium] ======================================================================
2020-01-21 10:02:20:627 [Appium]   DEPRECATION WARNING:
2020-01-21 10:02:20:627 [Appium] 
2020-01-21 10:02:20:627 [Appium]   The 'automationName' capability was not provided in the desired 
2020-01-21 10:02:20:627 [Appium]   capabilities for this Android session
2020-01-21 10:02:20:628 [Appium] 
2020-01-21 10:02:20:628 [Appium]   Setting 'automationName=UiAutomator2' by default and using the 
2020-01-21 10:02:20:628 [Appium]   UiAutomator2 Driver
2020-01-21 10:02:20:628 [Appium] 
2020-01-21 10:02:20:628 [Appium]   The next major version of Appium (2.x) will **require** the 
2020-01-21 10:02:20:629 [Appium]   'automationName' capability to be set for all sessions on all 
2020-01-21 10:02:20:629 [Appium]   platforms
2020-01-21 10:02:20:629 [Appium] 
2020-01-21 10:02:20:629 [Appium]   In previous versions (Appium <= 1.13.x), the default was 
2020-01-21 10:02:20:630 [Appium]   'automationName=UiAutomator1'
2020-01-21 10:02:20:630 [Appium] 
2020-01-21 10:02:20:630 [Appium]   If you wish to use that automation instead of UiAutomator2, please 
2020-01-21 10:02:20:631 [Appium]   add 'automationName=UiAutomator1' to your desired capabilities
2020-01-21 10:02:20:631 [Appium] 
2020-01-21 10:02:20:631 [Appium]   For more information about drivers, please visit 
2020-01-21 10:02:20:632 [Appium]   http://appium.io/docs/en/about-appium/intro/ and explore the 
2020-01-21 10:02:20:632 [Appium]   'Drivers' menu
2020-01-21 10:02:20:632 [Appium] 
2020-01-21 10:02:20:639 [Appium] ======================================================================
2020-01-21 10:02:20:639 [Appium] 
2020-01-21 10:02:20:884 [Appium] Appium v1.16.0 creating new AndroidUiautomator2Driver (v1.40.0) session
2020-01-21 10:02:20:886 [BaseDriver] W3C capabilities and MJSONWP desired capabilities were provided
2020-01-21 10:02:20:887 [BaseDriver] Creating session with W3C capabilities: {
2020-01-21 10:02:20:887 [BaseDriver]   "alwaysMatch": {
2020-01-21 10:02:20:887 [BaseDriver]     "platformName": "Android",
2020-01-21 10:02:20:887 [BaseDriver]     "appium:udid": "GDBNW19927003994",
2020-01-21 10:02:20:887 [BaseDriver]     "appium:app": "/Users/qing.li/Downloads/moji.apk",
2020-01-21 10:02:20:888 [BaseDriver]     "appium:noReset": true,
2020-01-21 10:02:20:888 [BaseDriver]     "appium:deviceName": "GDBNW19927003994",
2020-01-21 10:02:20:888 [BaseDriver]     "appium:appActivity": "com.moji.mjweather.MainActivity",
2020-01-21 10:02:20:888 [BaseDriver]     "appium:resetKeyboard": true
2020-01-21 10:02:20:888 [BaseDriver]   },
2020-01-21 10:02:20:889 [BaseDriver]   "firstMatch": [
2020-01-21 10:02:20:889 [BaseDriver]     {}
2020-01-21 10:02:20:889 [BaseDriver]   ]
2020-01-21 10:02:20:889 [BaseDriver] }
2020-01-21 10:02:20:897 [BaseDriver] Session created with session id: 016daf5b-93ea-4576-a351-6c206e93ef33
2020-01-21 10:02:20:899 [BaseDriver] Using local app '/Users/qing.li/Downloads/moji.apk'
2020-01-21 10:02:20:900 [UiAutomator2] Checking whether app is actually present
2020-01-21 10:02:20:902 [ADB] The ANDROID_HOME environment variable is not set to the Android SDK root directory path. ANDROID_HOME is required for compatibility with SDK 23+. Checking along PATH for adb.
2020-01-21 10:02:20:905 [ADB] Using 'adb' from '/Users/qing.li/Library/Android/sdk/platform-tools/adb'
2020-01-21 10:02:20:905 [AndroidDriver] Retrieving device list
2020-01-21 10:02:20:905 [ADB] Trying to find a connected android device
2020-01-21 10:02:20:906 [ADB] Getting connected devices...
2020-01-21 10:02:20:923 [ADB] Connected devices: [{"udid":"GDBNW19927003994","state":"device"}]
2020-01-21 10:02:20:924 [AndroidDriver] Using device: GDBNW19927003994
2020-01-21 10:02:20:925 [ADB] The ANDROID_HOME environment variable is not set to the Android SDK root directory path. ANDROID_HOME is required for compatibility with SDK 23+. Checking along PATH for adb.
2020-01-21 10:02:20:926 [ADB] Using 'adb' from '/Users/qing.li/Library/Android/sdk/platform-tools/adb'
2020-01-21 10:02:20:927 [ADB] Setting device id to GDBNW19927003994
2020-01-21 10:02:20:928 [ADB] Running '/Users/qing.li/Library/Android/sdk/platform-tools/adb -P 5037 -s GDBNW19927003994 shell getprop ro.build.version.sdk'
2020-01-21 10:02:20:980 [ADB] Current device property 'ro.build.version.sdk': 28
2020-01-21 10:02:20:981 [ADB] Running '/Users/qing.li/Library/Android/sdk/platform-tools/adb -P 5037 -s GDBNW19927003994 shell getprop ro.build.version.release'
2020-01-21 10:02:21:018 [ADB] Current device property 'ro.build.version.release': 9
2020-01-21 10:02:21:018 [ADB] Device API level: 28
2020-01-21 10:02:21:018 [UiAutomator2] Relaxing hidden api policy
2020-01-21 10:02:21:019 [ADB] Running '/Users/qing.li/Library/Android/sdk/platform-tools/adb -P 5037 -s GDBNW19927003994 shell settings put global hidden_api_policy_pre_p_apps 1'
2020-01-21 10:02:21:088 [ADB] Running '/Users/qing.li/Library/Android/sdk/platform-tools/adb -P 5037 -s GDBNW19927003994 shell settings put global hidden_api_policy_p_apps 1'
2020-01-21 10:02:21:151 [ADB] Running '/Users/qing.li/Library/Android/sdk/platform-tools/adb -P 5037 -s GDBNW19927003994 shell settings put global hidden_api_policy 1'
2020-01-21 10:02:21:214 [AndroidDriver] Parsing package and activity from app manifest
2020-01-21 10:02:21:250 [ADB] Package name: 'com.moji.mjweather.classic'
2020-01-21 10:02:21:250 [ADB] Main activity name: 'com.moji.mjweather.LauncherActivity'
2020-01-21 10:02:21:252 [AndroidDriver] Parsed package and activity are: com.moji.mjweather.classic/com.moji.mjweather.LauncherActivity
2020-01-21 10:02:21:253 [ADB] Running '/Users/qing.li/Library/Android/sdk/platform-tools/adb -P 5037 -s GDBNW19927003994 wait-for-device'
2020-01-21 10:02:21:267 [ADB] Running '/Users/qing.li/Library/Android/sdk/platform-tools/adb -P 5037 -s GDBNW19927003994 shell echo ping'
2020-01-21 10:02:21:305 [AndroidDriver] Pushing settings apk to device...
2020-01-21 10:02:21:306 [ADB] Getting install status for io.appium.settings
2020-01-21 10:02:21:307 [ADB] Running '/Users/qing.li/Library/Android/sdk/platform-tools/adb -P 5037 -s GDBNW19927003994 shell dumpsys package io.appium.settings'
2020-01-21 10:02:21:442 [ADB] 'io.appium.settings' is installed
2020-01-21 10:02:21:443 [ADB] Getting package info for 'io.appium.settings'
2020-01-21 10:02:21:443 [ADB] Running '/Users/qing.li/Library/Android/sdk/platform-tools/adb -P 5037 -s GDBNW19927003994 shell dumpsys package io.appium.settings'
2020-01-21 10:02:21:544 [ADB] The version name of the installed 'io.appium.settings' is greater or equal to the application version name ('2.15.0' >= '2.15.0')
2020-01-21 10:02:21:545 [ADB] There is no need to install/upgrade '/usr/local/lib/node_modules/appium/node_modules/io.appium.settings/apks/settings_apk-debug.apk'
2020-01-21 10:02:21:546 [ADB] Getting IDs of all 'io.appium.settings' processes
2020-01-21 10:02:21:546 [ADB] Running '/Users/qing.li/Library/Android/sdk/platform-tools/adb -P 5037 -s GDBNW19927003994 shell 'pgrep --help; echo $?''
2020-01-21 10:02:21:578 [ADB] Running '/Users/qing.li/Library/Android/sdk/platform-tools/adb -P 5037 -s GDBNW19927003994 shell pgrep -f io\\.appium\\.settings'
2020-01-21 10:02:21:642 [AndroidDriver] io.appium.settings is already running. There is no need to reset its permissions.
2020-01-21 10:02:21:643 [ADB] Running '/Users/qing.li/Library/Android/sdk/platform-tools/adb -P 5037 -s GDBNW19927003994 shell appops set io.appium.settings android\:mock_location allow'
2020-01-21 10:02:21:692 [Logcat] Starting logcat capture
2020-01-21 10:02:21:736 [UiAutomator2] Forwarding UiAutomator2 Server port 6790 to 8200
2020-01-21 10:02:21:737 [ADB] Forwarding system: 8200 to device: 6790
2020-01-21 10:02:21:737 [ADB] Running '/Users/qing.li/Library/Android/sdk/platform-tools/adb -P 5037 -s GDBNW19927003994 forward tcp\:8200 tcp\:6790'
2020-01-21 10:02:21:758 [ADB] Getting install status for io.appium.uiautomator2.server
2020-01-21 10:02:21:758 [ADB] Running '/Users/qing.li/Library/Android/sdk/platform-tools/adb -P 5037 -s GDBNW19927003994 shell dumpsys package io.appium.uiautomator2.server'
2020-01-21 10:02:21:895 [ADB] 'io.appium.uiautomator2.server' is installed
2020-01-21 10:02:21:896 [ADB] Getting package info for 'io.appium.uiautomator2.server'
2020-01-21 10:02:21:896 [ADB] Running '/Users/qing.li/Library/Android/sdk/platform-tools/adb -P 5037 -s GDBNW19927003994 shell dumpsys package io.appium.uiautomator2.server'
2020-01-21 10:02:22:008 [ADB] The version name of the installed 'io.appium.uiautomator2.server' is greater or equal to the application version name ('4.5.2' >= '4.5.2')
2020-01-21 10:02:22:010 [UiAutomator2] io.appium.uiautomator2.server installation state: sameVersionInstalled
2020-01-21 10:02:22:012 [ADB] Checking app cert for /usr/local/lib/node_modules/appium/node_modules/appium-uiautomator2-server/apks/appium-uiautomator2-server-v4.5.2.apk
2020-01-21 10:02:22:020 [ADB] Found 0 'build-tools' folders under '' (newest first):
2020-01-21 10:02:22:022 [ADB] Cannot use apksigner tool for signature verification. Original error: Could not find 'apksigner' in ["/Users/qing.li/PycharmProjects/AppiumPython/key_word/platform-tools/apksigner","/Users/qing.li/PycharmProjects/AppiumPython/key_word/emulator/apksigner","/Users/qing.li/PycharmProjects/AppiumPython/key_word/tools/apksigner","/Users/qing.li/PycharmProjects/AppiumPython/key_word/tools/bin/apksigner"]. Do you have Android Build Tools installed at ''?
2020-01-21 10:02:22:023 [ADB] Defaulting to verify.jar
2020-01-21 10:02:22:451 [ADB] '/usr/local/lib/node_modules/appium/node_modules/appium-uiautomator2-server/apks/appium-uiautomator2-server-v4.5.2.apk' is already signed.
2020-01-21 10:02:22:452 [ADB] Getting install status for io.appium.uiautomator2.server.test
2020-01-21 10:02:22:452 [ADB] Running '/Users/qing.li/Library/Android/sdk/platform-tools/adb -P 5037 -s GDBNW19927003994 shell dumpsys package io.appium.uiautomator2.server.test'
2020-01-21 10:02:22:613 [ADB] 'io.appium.uiautomator2.server.test' is installed
2020-01-21 10:02:22:614 [ADB] Checking app cert for /usr/local/lib/node_modules/appium/node_modules/appium-uiautomator2-server/apks/appium-uiautomator2-server-debug-androidTest.apk
2020-01-21 10:02:22:615 [ADB] Cannot use apksigner tool for signature verification. Original error: Could not find 'apksigner' in ["/Users/qing.li/PycharmProjects/AppiumPython/key_word/platform-tools/apksigner","/Users/qing.li/PycharmProjects/AppiumPython/key_word/emulator/apksigner","/Users/qing.li/PycharmProjects/AppiumPython/key_word/tools/apksigner","/Users/qing.li/PycharmProjects/AppiumPython/key_word/tools/bin/apksigner"]. Do you have Android Build Tools installed at ''?
2020-01-21 10:02:22:616 [ADB] Defaulting to verify.jar
2020-01-21 10:02:22:879 [ADB] '/usr/local/lib/node_modules/appium/node_modules/appium-uiautomator2-server/apks/appium-uiautomator2-server-debug-androidTest.apk' is already signed.
2020-01-21 10:02:22:880 [UiAutomator2] Server packages are not going to be (re)installed
2020-01-21 10:02:22:882 [UiAutomator2] Waiting up to 30000ms for services to be available
2020-01-21 10:02:22:883 [ADB] Running '/Users/qing.li/Library/Android/sdk/platform-tools/adb -P 5037 -s GDBNW19927003994 shell pm list instrumentation'
2020-01-21 10:02:22:971 [UiAutomator2] Instrumentation target 'io.appium.uiautomator2.server.test/androidx.test.runner.AndroidJUnitRunner' is available
2020-01-21 10:02:22:971 [ADB] Checking app cert for /Users/qing.li/Downloads/moji.apk
2020-01-21 10:02:22:973 [ADB] Cannot use apksigner tool for signature verification. Original error: Could not find 'apksigner' in ["/Users/qing.li/PycharmProjects/AppiumPython/key_word/platform-tools/apksigner","/Users/qing.li/PycharmProjects/AppiumPython/key_word/emulator/apksigner","/Users/qing.li/PycharmProjects/AppiumPython/key_word/tools/apksigner","/Users/qing.li/PycharmProjects/AppiumPython/key_word/tools/bin/apksigner"]. Do you have Android Build Tools installed at ''?
2020-01-21 10:02:22:973 [ADB] Defaulting to verify.jar
2020-01-21 10:02:24:873 [ADB] '/Users/qing.li/Downloads/moji.apk' is already signed.
2020-01-21 10:02:24:874 [ADB] Getting install status for com.moji.mjweather.classic
2020-01-21 10:02:24:874 [ADB] Running '/Users/qing.li/Library/Android/sdk/platform-tools/adb -P 5037 -s GDBNW19927003994 shell dumpsys package com.moji.mjweather.classic'
2020-01-21 10:02:24:938 [ADB] 'com.moji.mjweather.classic' is not installed
2020-01-21 10:02:24:938 [ADB] App '/Users/qing.li/Downloads/moji.apk' is not installed
2020-01-21 10:02:24:938 [ADB] Installing '/Users/qing.li/Downloads/moji.apk'
2020-01-21 10:02:25:045 [ADB] Running '/Users/qing.li/Library/Android/sdk/platform-tools/adb -P 5037 -s GDBNW19927003994 shell 'ls -t -1 /data/local/tmp/appium_cache 2>&1 || echo _ERROR_''
2020-01-21 10:02:25:113 [ADB] The count of applications in the cache: 5
2020-01-21 10:02:25:119 [ADB] The application at '/Users/qing.li/Downloads/moji.apk' is already cached to '/data/local/tmp/appium_cache/383068a730686b4804e224a4dbcdfac171ff5e1f.apk'
2020-01-21 10:02:25:123 [ADB] Running '/Users/qing.li/Library/Android/sdk/platform-tools/adb -P 5037 -s GDBNW19927003994 shell pm install /data/local/tmp/appium_cache/383068a730686b4804e224a4dbcdfac171ff5e1f.apk'
2020-01-21 10:03:55:153 [UiAutomator2] Deleting UiAutomator2 session
2020-01-21 10:03:55:154 [UiAutomator2] Deleting UiAutomator2 server session
2020-01-21 10:03:55:156 [WD Proxy] Matched '/' to command name 'deleteSession'
2020-01-21 10:03:55:158 [UiAutomator2] Did not get confirmation UiAutomator2 deleteSession worked; Error was: UnknownError: An unknown server-side error occurred while processing the command. Original error: Trying to proxy a session command without session id
2020-01-21 10:03:55:158 [ADB] Running '/Users/qing.li/Library/Android/sdk/platform-tools/adb -P 5037 -s GDBNW19927003994 shell am force-stop com.moji.mjweather.classic'
2020-01-21 10:03:55:254 [Logcat] Stopping logcat capture
2020-01-21 10:03:55:257 [ADB] Removing forwarded port socket connection: 8200 
2020-01-21 10:03:55:258 [ADB] Running '/Users/qing.li/Library/Android/sdk/platform-tools/adb -P 5037 -s GDBNW19927003994 forward --remove tcp\:8200'
2020-01-21 10:03:55:272 [UiAutomator2] Restoring hidden api policy to the device default configuration
2020-01-21 10:03:55:272 [ADB] Running '/Users/qing.li/Library/Android/sdk/platform-tools/adb -P 5037 -s GDBNW19927003994 shell settings delete global hidden_api_policy_pre_p_apps'
2020-01-21 10:03:55:353 [ADB] Running '/Users/qing.li/Library/Android/sdk/platform-tools/adb -P 5037 -s GDBNW19927003994 shell settings delete global hidden_api_policy_p_apps'
2020-01-21 10:03:55:426 [ADB] Running '/Users/qing.li/Library/Android/sdk/platform-tools/adb -P 5037 -s GDBNW19927003994 shell settings delete global hidden_api_policy'
2020-01-21 10:03:55:481 [BaseDriver] Event 'newSessionStarted' logged at 1579601035481 (18:03:55 GMT+0800 (GMT+08:00))
2020-01-21 10:03:55:482 [W3C] Encountered internal error running command: Error executing adbExec. Original error: 'Command '/Users/qing.li/Library/Android/sdk/platform-tools/adb -P 5037 -s GDBNW19927003994 shell pm install /data/local/tmp/appium_cache/383068a730686b4804e224a4dbcdfac171ff5e1f.apk' timed out after 90000ms'. Try to increase the 90000ms adb execution timeout represented by 'androidInstallTimeout' capability
2020-01-21 10:03:55:482 [W3C] Error: Command '/Users/qing.li/Library/Android/sdk/platform-tools/adb -P 5037 -s GDBNW19927003994 shell pm install /data/local/tmp/appium_cache/383068a730686b4804e224a4dbcdfac171ff5e1f.apk' timed out after 90000ms
2020-01-21 10:03:55:483 [W3C]     at Timeout._onTimeout (/usr/local/lib/node_modules/appium/node_modules/teen_process/lib/exec.js:125:19)
2020-01-21 10:03:55:483 [W3C]     at listOnTimeout (internal/timers.js:531:17)
2020-01-21 10:03:55:484 [W3C]     at processTimers (internal/timers.js:475:7)
2020-01-21 10:03:55:531 [HTTP] <-- POST /wd/hub/session 500 94910 ms - 1197
2020-01-21 10:03:55:531 [HTTP] 
