2020-01-16 10:39:22:913 [Appium] Welcome to Appium v1.16.0
2020-01-16 10:39:22:916 [Appium] Non-default server args:
2020-01-16 10:39:22:916 [Appium]   port: 4702
2020-01-16 10:39:22:917 [Appium]   bootstrapPort: 4901
2020-01-16 10:39:22:917 [Appium]   sessionOverride: true
2020-01-16 10:39:22:918 [Appium]   logFile: appium.log
2020-01-16 10:39:22:918 [Appium]   udid: W4X6R19B23008551
2020-01-16 10:39:22:918 [Appium]   noReset: true
2020-01-16 10:39:22:919 [Appium] Deprecated server args:
2020-01-16 10:39:22:920 [Appium]   -U,--udid => --default-capabilities '{"udid":"W4X6R19B23008551"}'
2020-01-16 10:39:22:920 [Appium]   --no-reset => --default-capabilities '{"noReset":true}'
2020-01-16 10:39:22:921 [Appium] Default capabilities, which will be added to each request unless overridden by desired capabilities:
2020-01-16 10:39:22:921 [Appium]   udid: W4X6R19B23008551
2020-01-16 10:39:22:921 [Appium]   noReset: true
2020-01-16 10:39:22:969 [Appium] Appium REST http interface listener started on 0.0.0.0:4702
2020-01-16 10:39:22:928 [Appium] Welcome to Appium v1.16.0
2020-01-16 10:39:22:930 [Appium] Non-default server args:
2020-01-16 10:39:22:931 [Appium]   port: 4701
2020-01-16 10:39:22:933 [Appium]   bootstrapPort: 4900
2020-01-16 10:39:22:934 [Appium]   sessionOverride: true
2020-01-16 10:39:22:934 [Appium]   logFile: appium.log
2020-01-16 10:39:22:935 [Appium]   udid: R58MB0Z4WCX
2020-01-16 10:39:22:936 [Appium]   noReset: true
2020-01-16 10:39:22:936 [Appium] Deprecated server args:
2020-01-16 10:39:22:937 [Appium]   -U,--udid => --default-capabilities '{"udid":"R58MB0Z4WCX"}'
2020-01-16 10:39:22:938 [Appium]   --no-reset => --default-capabilities '{"noReset":true}'
2020-01-16 10:39:22:940 [Appium] Default capabilities, which will be added to each request unless overridden by desired capabilities:
2020-01-16 10:39:22:941 [Appium]   udid: R58MB0Z4WCX
2020-01-16 10:39:22:942 [Appium]   noReset: true
2020-01-16 10:39:22:983 [Appium] Appium REST http interface listener started on 0.0.0.0:4701
2020-01-16 11:40:03:077 [Appium] Received SIGTERM - shutting down
2020-01-16 11:40:03:090 [Appium] Received SIGTERM - shutting down
